[01m[K/home/krish/projects/software-start-here/src/challenge/src/solution.cpp:41:2:[m[K [01;31m[Kerror: [m[Kexpected â€˜[01m[K;[m[Kâ€™ after class definition
   41 | }
      |  [01;31m[K^[m[K
      |  [32m[K;[m[K
make[2]: *** [CMakeFiles/solution.dir/build.make:76: CMakeFiles/solution.dir/src/solution.cpp.o] Error 1
make[1]: *** [CMakeFiles/Makefile2:137: CMakeFiles/solution.dir/all] Error 2
make: *** [Makefile:146: all] Error 2
