[0.020s] Invoking command in '/home/krish/projects/software-start-here/build/challenge': CMAKE_PREFIX_PATH=${CMAKE_PREFIX_PATH}:/opt/ros/foxy /usr/bin/cmake --build /home/krish/projects/software-start-here/build/challenge -- -j8 -l8
[0.042s] [ 50%] [32mBuilding CXX object CMakeFiles/solution.dir/src/solution.cpp.o[0m
[0.949s] [01m[K/home/krish/projects/software-start-here/src/challenge/src/solution.cpp:41:2:[m[K [01;31m[Kerror: [m[Kexpected â€˜[01m[K;[m[Kâ€™ after class definition
[0.949s]    41 | }
[0.949s]       |  [01;31m[K^[m[K
[0.949s]       |  [32m[K;[m[K
[1.572s] make[2]: *** [CMakeFiles/solution.dir/build.make:76: CMakeFiles/solution.dir/src/solution.cpp.o] Error 1
[1.572s] make[1]: *** [CMakeFiles/Makefile2:137: CMakeFiles/solution.dir/all] Error 2
[1.572s] make: *** [Makefile:146: all] Error 2
[1.575s] Invoked command in '/home/krish/projects/software-start-here/build/challenge' returned '2': CMAKE_PREFIX_PATH=${CMAKE_PREFIX_PATH}:/opt/ros/foxy /usr/bin/cmake --build /home/krish/projects/software-start-here/build/challenge -- -j8 -l8
