[01m[K/home/krish/projects/software-start-here/src/challenge/src/solution.cpp:[m[K In member function â€˜[01m[Kvoid SineTurtle::sine_move()[m[Kâ€™:
[01m[K/home/krish/projects/software-start-here/src/challenge/src/solution.cpp:29:13:[m[K [01;31m[Kerror: [m[Kâ€˜[01m[Kstruct geometry_msgs::msg::Twist_<std::allocator<void> >[m[Kâ€™ has no member named â€˜[01m[Klienar[m[Kâ€™; did you mean â€˜[01m[Klinear[m[Kâ€™?
   29 |       twist.[01;31m[Klienar[m[K.x =
      |             [01;31m[K^~~~~~[m[K
      |             [32m[Klinear[m[K
[01m[K/home/krish/projects/software-start-here/src/challenge/src/solution.cpp:30:5:[m[K [01;31m[Kerror: [m[Kexpected primary-expression before â€˜[01m[K}[m[Kâ€™ token
   30 |     [01;31m[K}[m[K
      |     [01;31m[K^[m[K
make[2]: *** [CMakeFiles/solution.dir/build.make:76: CMakeFiles/solution.dir/src/solution.cpp.o] Error 1
make[1]: *** [CMakeFiles/Makefile2:137: CMakeFiles/solution.dir/all] Error 2
make: *** [Makefile:146: all] Error 2
