[0.024s] Invoking command in '/home/krish/projects/software-start-here/build/challenge': CMAKE_PREFIX_PATH=${CMAKE_PREFIX_PATH}:/opt/ros/foxy /usr/bin/cmake --build /home/krish/projects/software-start-here/build/challenge -- -j8 -l8
[0.076s] [ 50%] [32mBuilding CXX object CMakeFiles/solution.dir/src/solution.cpp.o[0m
[1.143s] [01m[K/home/krish/projects/software-start-here/src/challenge/src/solution.cpp:[m[K In member function â€˜[01m[Kvoid SineTurtle::sine_move()[m[Kâ€™:
[1.143s] [01m[K/home/krish/projects/software-start-here/src/challenge/src/solution.cpp:29:13:[m[K [01;31m[Kerror: [m[Kâ€˜[01m[Kstruct geometry_msgs::msg::Twist_<std::allocator<void> >[m[Kâ€™ has no member named â€˜[01m[Klienar[m[Kâ€™; did you mean â€˜[01m[Klinear[m[Kâ€™?
[1.143s]    29 |       twist.[01;31m[Klienar[m[K.x =
[1.143s]       |             [01;31m[K^~~~~~[m[K
[1.143s]       |             [32m[Klinear[m[K
[1.143s] [01m[K/home/krish/projects/software-start-here/src/challenge/src/solution.cpp:30:5:[m[K [01;31m[Kerror: [m[Kexpected primary-expression before â€˜[01m[K}[m[Kâ€™ token
[1.143s]    30 |     [01;31m[K}[m[K
[1.143s]       |     [01;31m[K^[m[K
[1.756s] make[2]: *** [CMakeFiles/solution.dir/build.make:76: CMakeFiles/solution.dir/src/solution.cpp.o] Error 1
[1.756s] make[1]: *** [CMakeFiles/Makefile2:137: CMakeFiles/solution.dir/all] Error 2
[1.756s] make: *** [Makefile:146: all] Error 2
[1.759s] Invoked command in '/home/krish/projects/software-start-here/build/challenge' returned '2': CMAKE_PREFIX_PATH=${CMAKE_PREFIX_PATH}:/opt/ros/foxy /usr/bin/cmake --build /home/krish/projects/software-start-here/build/challenge -- -j8 -l8
