[01m[K/home/krish/repos/software-start-here/src/challenge/src/solution.cpp:[m[K In constructor â€˜[01m[KSineTurtle::SineTurtle()[m[Kâ€™:
[01m[K/home/krish/repos/software-start-here/src/challenge/src/solution.cpp:29:37:[m[K [01;31m[Kerror: [m[Kâ€˜[01m[KTeleport[m[Kâ€™ was not declared in this scope
   29 |     auto request = std::make_shared<[01;31m[KTeleport[m[K::Request>();
      |                                     [01;31m[K^~~~~~~~[m[K
[01m[K/home/krish/repos/software-start-here/src/challenge/src/solution.cpp:29:25:[m[K [01;31m[Kerror: [m[Kparse error in template argument list
   29 |     auto request = std::[01;31m[Kmake_shared<Teleport::Request>[m[K();
      |                         [01;31m[K^~~~~~~~~~~~~~~~~~~~~~~~~~~~~~[m[K
[01m[K/home/krish/repos/software-start-here/src/challenge/src/solution.cpp:29:56:[m[K [01;31m[Kerror: [m[Kno matching function for call to â€˜[01m[Kmake_shared<<expression error> >()[m[Kâ€™
   29 |     auto request = std::make_shared<Teleport::Request>([01;31m[K)[m[K;
      |                                                        [01;31m[K^[m[K
In file included from [01m[K/usr/include/c++/9/memory:81[m[K,
                 from [01m[K/opt/ros/foxy/include/rclcpp/rclcpp.hpp:144[m[K,
                 from [01m[K/home/krish/repos/software-start-here/src/challenge/src/solution.cpp:2[m[K:
[01m[K/usr/include/c++/9/bits/shared_ptr.h:714:5:[m[K [01;36m[Knote: [m[Kcandidate: â€˜[01m[Ktemplate<class _Tp, class ... _Args> std::shared_ptr<_Tp> std::make_shared(_Args&& ...)[m[Kâ€™
  714 |     [01;36m[Kmake_shared[m[K(_Args&&... __args)
      |     [01;36m[K^~~~~~~~~~~[m[K
[01m[K/usr/include/c++/9/bits/shared_ptr.h:714:5:[m[K [01;36m[Knote: [m[K  template argument deduction/substitution failed:
[01m[K/home/krish/repos/software-start-here/src/challenge/src/solution.cpp:29:56:[m[K [01;31m[Kerror: [m[Ktemplate argument 1 is invalid
   29 |     auto request = std::make_shared<Teleport::Request>([01;31m[K)[m[K;
      |                                                        [01;31m[K^[m[K
make[2]: *** [CMakeFiles/solution.dir/build.make:63: CMakeFiles/solution.dir/src/solution.cpp.o] Error 1
make[1]: *** [CMakeFiles/Makefile2:78: CMakeFiles/solution.dir/all] Error 2
make: *** [Makefile:141: all] Error 2
