[0.020s] Invoking command in '/home/krish/repos/software-start-here/build/challenge': CMAKE_PREFIX_PATH=${CMAKE_PREFIX_PATH}:/home/krish/repos/steelhead/install/triton_teleop:/home/krish/repos/steelhead/install/triton_pipeline:/home/krish/repos/steelhead/install/triton_bringup:/home/krish/ws/install/opencv_tests:/home/krish/ros2_ws/src/install/examples_rclpy_minimal_subscriber:/home/krish/ros2_ws/src/install/examples_rclpy_minimal_service:/home/krish/ros2_ws/src/install/examples_rclpy_minimal_publisher:/home/krish/ros2_ws/src/install/examples_rclpy_minimal_client:/home/krish/ros2_ws/src/install/examples_rclpy_minimal_action_server:/home/krish/ros2_ws/src/install/examples_rclpy_minimal_action_client:/home/krish/ros2_ws/src/install/examples_rclpy_executors:/opt/ros/foxy /usr/bin/cmake --build /home/krish/repos/software-start-here/build/challenge -- -j8 -l8
[0.107s] [35m[1mScanning dependencies of target solution[0m
[0.142s] [ 50%] [32mBuilding CXX object CMakeFiles/solution.dir/src/solution.cpp.o[0m
[1.324s] [01m[K/home/krish/repos/software-start-here/src/challenge/src/solution.cpp:[m[K In constructor â€˜[01m[KSineTurtle::SineTurtle()[m[Kâ€™:
[1.324s] [01m[K/home/krish/repos/software-start-here/src/challenge/src/solution.cpp:29:37:[m[K [01;31m[Kerror: [m[Kâ€˜[01m[KTeleport[m[Kâ€™ was not declared in this scope
[1.324s]    29 |     auto request = std::make_shared<[01;31m[KTeleport[m[K::Request>();
[1.324s]       |                                     [01;31m[K^~~~~~~~[m[K
[1.325s] [01m[K/home/krish/repos/software-start-here/src/challenge/src/solution.cpp:29:25:[m[K [01;31m[Kerror: [m[Kparse error in template argument list
[1.325s]    29 |     auto request = std::[01;31m[Kmake_shared<Teleport::Request>[m[K();
[1.325s]       |                         [01;31m[K^~~~~~~~~~~~~~~~~~~~~~~~~~~~~~[m[K
[1.325s] [01m[K/home/krish/repos/software-start-here/src/challenge/src/solution.cpp:29:56:[m[K [01;31m[Kerror: [m[Kno matching function for call to â€˜[01m[Kmake_shared<<expression error> >()[m[Kâ€™
[1.325s]    29 |     auto request = std::make_shared<Teleport::Request>([01;31m[K)[m[K;
[1.325s]       |                                                        [01;31m[K^[m[K
[1.325s] In file included from [01m[K/usr/include/c++/9/memory:81[m[K,
[1.325s]                  from [01m[K/opt/ros/foxy/include/rclcpp/rclcpp.hpp:144[m[K,
[1.325s]                  from [01m[K/home/krish/repos/software-start-here/src/challenge/src/solution.cpp:2[m[K:
[1.325s] [01m[K/usr/include/c++/9/bits/shared_ptr.h:714:5:[m[K [01;36m[Knote: [m[Kcandidate: â€˜[01m[Ktemplate<class _Tp, class ... _Args> std::shared_ptr<_Tp> std::make_shared(_Args&& ...)[m[Kâ€™
[1.325s]   714 |     [01;36m[Kmake_shared[m[K(_Args&&... __args)
[1.325s]       |     [01;36m[K^~~~~~~~~~~[m[K
[1.325s] [01m[K/usr/include/c++/9/bits/shared_ptr.h:714:5:[m[K [01;36m[Knote: [m[K  template argument deduction/substitution failed:
[1.325s] [01m[K/home/krish/repos/software-start-here/src/challenge/src/solution.cpp:29:56:[m[K [01;31m[Kerror: [m[Ktemplate argument 1 is invalid
[1.325s]    29 |     auto request = std::make_shared<Teleport::Request>([01;31m[K)[m[K;
[1.325s]       |                                                        [01;31m[K^[m[K
[2.113s] make[2]: *** [CMakeFiles/solution.dir/build.make:63: CMakeFiles/solution.dir/src/solution.cpp.o] Error 1
[2.113s] make[1]: *** [CMakeFiles/Makefile2:78: CMakeFiles/solution.dir/all] Error 2
[2.113s] make: *** [Makefile:141: all] Error 2
[2.117s] Invoked command in '/home/krish/repos/software-start-here/build/challenge' returned '2': CMAKE_PREFIX_PATH=${CMAKE_PREFIX_PATH}:/home/krish/repos/steelhead/install/triton_teleop:/home/krish/repos/steelhead/install/triton_pipeline:/home/krish/repos/steelhead/install/triton_bringup:/home/krish/ws/install/opencv_tests:/home/krish/ros2_ws/src/install/examples_rclpy_minimal_subscriber:/home/krish/ros2_ws/src/install/examples_rclpy_minimal_service:/home/krish/ros2_ws/src/install/examples_rclpy_minimal_publisher:/home/krish/ros2_ws/src/install/examples_rclpy_minimal_client:/home/krish/ros2_ws/src/install/examples_rclpy_minimal_action_server:/home/krish/ros2_ws/src/install/examples_rclpy_minimal_action_client:/home/krish/ros2_ws/src/install/examples_rclpy_executors:/opt/ros/foxy /usr/bin/cmake --build /home/krish/repos/software-start-here/build/challenge -- -j8 -l8
