[01m[K/home/itaiboss/ros2_ws/src/challenge/src/solution.cpp:17:14:[m[K [01;31m[Kerror: [m[KISO C++ forbids declaration of â€˜[01m[Ksolution[m[Kâ€™ with no type [[01;31m[K-fpermissive[m[K]
   17 |     solution([01;31m[K)[m[K : Node("solution"), count_(0)
      |              [01;31m[K^[m[K
[01m[K/home/itaiboss/ros2_ws/src/challenge/src/solution.cpp:38:23:[m[K [01;31m[Kerror: [m[Kâ€˜[01m[Kgeometry_msg[m[Kâ€™ was not declared in this scope
   38 |     rclcpp::Publisher<[01;31m[Kgeometry_msg[m[K::msg::Twist>::SharedPtr publisher_;
      |                       [01;31m[K^~~~~~~~~~~~[m[K
[01m[K/home/itaiboss/ros2_ws/src/challenge/src/solution.cpp:38:47:[m[K [01;31m[Kerror: [m[Ktemplate argument 1 is invalid
   38 |     rclcpp::Publisher<geometry_msg::msg::Twist[01;31m[K>[m[K::SharedPtr publisher_;
      |                                               [01;31m[K^[m[K
[01m[K/home/itaiboss/ros2_ws/src/challenge/src/solution.cpp:38:50:[m[K [01;31m[Kerror: [m[Kexpected â€˜[01m[K;[m[Kâ€™ at end of member declaration
   38 |     rclcpp::Publisher<geometry_msg::msg::Twist>::[01;31m[KSharedPtr[m[K publisher_;
      |                                                  [01;31m[K^~~~~~~~~[m[K
      |                                                           [32m[K;[m[K
[01m[K/home/itaiboss/ros2_ws/src/challenge/src/solution.cpp:38:60:[m[K [01;31m[Kerror: [m[Kâ€˜[01m[Kpublisher_[m[Kâ€™ does not name a type; did you mean â€˜[01m[Krcl_publisher_t[m[Kâ€™?
   38 |     rclcpp::Publisher<geometry_msg::msg::Twist>::SharedPtr [01;31m[Kpublisher_[m[K;
      |                                                            [01;31m[K^~~~~~~~~~[m[K
      |                                                            [32m[Krcl_publisher_t[m[K
[01m[K/home/itaiboss/ros2_ws/src/challenge/src/solution.cpp:39:12:[m[K [01;31m[Kerror: [m[Kredeclaration of â€˜[01m[Ksize_t Solution::count_[m[Kâ€™
   39 |     size_t [01;31m[Kcount_[m[K;
      |            [01;31m[K^~~~~~[m[K
[01m[K/home/itaiboss/ros2_ws/src/challenge/src/solution.cpp:26:9:[m[K [01;36m[Knote: [m[Kprevious declaration â€˜[01m[Kint Solution::count_[m[Kâ€™
   26 |     int [01;36m[Kcount_[m[K;
      |         [01;36m[K^~~~~~[m[K
[01m[K/home/itaiboss/ros2_ws/src/challenge/src/solution.cpp:[m[K In member function â€˜[01m[Kint Solution::solution()[m[Kâ€™:
[01m[K/home/itaiboss/ros2_ws/src/challenge/src/solution.cpp:17:18:[m[K [01;31m[Kerror: [m[Konly constructors take member initializers
   17 |     solution() : [01;31m[KNode[m[K("solution"), count_(0)
      |                  [01;31m[K^~~~[m[K
[01m[K/home/itaiboss/ros2_ws/src/challenge/src/solution.cpp:19:7:[m[K [01;31m[Kerror: [m[Kâ€˜[01m[Kpublisher_[m[Kâ€™ was not declared in this scope; did you mean â€˜[01m[Krcl_publisher_t[m[Kâ€™?
   19 |       [01;31m[Kpublisher_[m[K = this->create_publisher<geometry_msgs::msg::Twist>("turtle1/cmd_vel", 20);
      |       [01;31m[K^~~~~~~~~~[m[K
      |       [32m[Krcl_publisher_t[m[K
[01m[K/home/itaiboss/ros2_ws/src/challenge/src/solution.cpp:19:43:[m[K [01;31m[Kerror: [m[Kâ€˜[01m[Kgeometry_msgs[m[Kâ€™ was not declared in this scope
   19 |       publisher_ = this->create_publisher<[01;31m[Kgeometry_msgs[m[K::msg::Twist>("turtle1/cmd_vel", 20);
      |                                           [01;31m[K^~~~~~~~~~~~~[m[K
[01m[K/home/itaiboss/ros2_ws/src/challenge/src/solution.cpp:19:26:[m[K [01;31m[Kerror: [m[Kparse error in template argument list
   19 |       publisher_ = this->[01;31m[Kcreate_publisher<geometry_msgs::msg::Twist>[m[K("turtle1/cmd_vel", 20);
      |                          [01;31m[K^~~~~~~~~~~~~~~~~~~~~~~~~~~~~~~~~~~~~~~~~~~[m[K
[01m[K/home/itaiboss/ros2_ws/src/challenge/src/solution.cpp:19:91:[m[K [01;31m[Kerror: [m[Kno matching function for call to â€˜[01m[KSolution::create_publisher<<expression error> >(const char [16], int)[m[Kâ€™
   19 | te_publisher<geometry_msgs::msg::Twist>("turtle1/cmd_vel", 20[01;31m[K)[m[K;
      |                                                              [01;31m[K^[m[K

In file included from [01m[K/opt/ros/foxy/include/rclcpp/executors/single_threaded_executor.hpp:28[m[K,
                 from [01m[K/opt/ros/foxy/include/rclcpp/executors.hpp:22[m[K,
                 from [01m[K/opt/ros/foxy/include/rclcpp/rclcpp.hpp:146[m[K,
                 from [01m[K/home/itaiboss/ros2_ws/src/challenge/src/solution.cpp:6[m[K:
[01m[K/opt/ros/foxy/include/rclcpp/node.hpp:184:3:[m[K [01;36m[Knote: [m[Kcandidate: â€˜[01m[Ktemplate<class MessageT, class AllocatorT, class PublisherT> std::shared_ptr<PublisherT> rclcpp::Node::create_publisher(const string&, const rclcpp::QoS&, const rclcpp::PublisherOptionsWithAllocator<AllocatorT>&)[m[Kâ€™
  184 |   [01;36m[Kcreate_publisher[m[K(
      |   [01;36m[K^~~~~~~~~~~~~~~~[m[K
[01m[K/opt/ros/foxy/include/rclcpp/node.hpp:184:3:[m[K [01;36m[Knote: [m[K  template argument deduction/substitution failed:
[01m[K/home/itaiboss/ros2_ws/src/challenge/src/solution.cpp:19:91:[m[K [01;31m[Kerror: [m[Ktemplate argument 1 is invalid
   19 | te_publisher<geometry_msgs::msg::Twist>("turtle1/cmd_vel", 20[01;31m[K)[m[K;
      |                                                              [01;31m[K^[m[K

[01m[K/home/itaiboss/ros2_ws/src/challenge/src/solution.cpp:21:24:[m[K [01;31m[Kerror: [m[Kâ€˜[01m[Ksolution[m[Kâ€™ is not a class, namespace, or enumeration
   21 |       20ms, std::bind(&[01;31m[Ksolution[m[K::timer_callback, this));
      |                        [01;31m[K^~~~~~~~[m[K
[01m[K/home/itaiboss/ros2_ws/src/challenge/src/solution.cpp:22:5:[m[K [01;35m[Kwarning: [m[Kno return statement in function returning non-void [[01;35m[K-Wreturn-type[m[K]
   22 |     [01;35m[K}[m[K
      |     [01;35m[K^[m[K
[01m[K/home/itaiboss/ros2_ws/src/challenge/src/solution.cpp:[m[K In member function â€˜[01m[Kvoid Solution::timer_callback()[m[Kâ€™:
[01m[K/home/itaiboss/ros2_ws/src/challenge/src/solution.cpp:31:22:[m[K [01;31m[Kerror: [m[Kâ€˜[01m[Kgeometry_msgs[m[Kâ€™ has not been declared
   31 |       auto message = [01;31m[Kgeometry_msgs[m[K::msg::Twist();
      |                      [01;31m[K^~~~~~~~~~~~~[m[K
[01m[K/home/itaiboss/ros2_ws/src/challenge/src/solution.cpp:32:26:[m[K [01;31m[Kerror: [m[Kunable to find numeric literal operator â€˜[01m[Koperator""sin[m[Kâ€™
   32 |       message.linear.y = [01;31m[K5sin[m[K(count_)
      |                          [01;31m[K^~~~[m[K
[01m[K/home/itaiboss/ros2_ws/src/challenge/src/solution.cpp:35:7:[m[K [01;31m[Kerror: [m[Kâ€˜[01m[Kpublisher_[m[Kâ€™ was not declared in this scope; did you mean â€˜[01m[Krcl_publisher_t[m[Kâ€™?
   35 |       [01;31m[Kpublisher_[m[K->publish(message);
      |       [01;31m[K^~~~~~~~~~[m[K
      |       [32m[Krcl_publisher_t[m[K
[01m[K/home/itaiboss/ros2_ws/src/challenge/src/solution.cpp:30:9:[m[K [01;35m[Kwarning: [m[Kunused variable â€˜[01m[Ktime[m[Kâ€™ [[01;35m[K-Wunused-variable[m[K]
   30 |     int [01;35m[Ktime[m[K;
      |         [01;35m[K^~~~[m[K
[01m[K/home/itaiboss/ros2_ws/src/challenge/src/solution.cpp:[m[K In function â€˜[01m[Kint main(int, char**)[m[Kâ€™:
[01m[K/home/itaiboss/ros2_ws/src/challenge/src/solution.cpp:45:33:[m[K [01;31m[Kerror: [m[Kâ€˜[01m[KMinimalPublisher[m[Kâ€™ was not declared in this scope
   45 |   rclcpp::spin(std::make_shared<[01;31m[KMinimalPublisher[m[K>());
      |                                 [01;31m[K^~~~~~~~~~~~~~~~[m[K
[01m[K/home/itaiboss/ros2_ws/src/challenge/src/solution.cpp:45:51:[m[K [01;31m[Kerror: [m[Kno matching function for call to â€˜[01m[Kmake_shared<<expression error> >()[m[Kâ€™
   45 |   rclcpp::spin(std::make_shared<MinimalPublisher>([01;31m[K)[m[K);
      |                                                   [01;31m[K^[m[K
In file included from [01m[K/usr/include/c++/9/memory:81[m[K,
                 from [01m[K/home/itaiboss/ros2_ws/src/challenge/src/solution.cpp:3[m[K:
[01m[K/usr/include/c++/9/bits/shared_ptr.h:714:5:[m[K [01;36m[Knote: [m[Kcandidate: â€˜[01m[Ktemplate<class _Tp, class ... _Args> std::shared_ptr<_Tp> std::make_shared(_Args&& ...)[m[Kâ€™
  714 |     [01;36m[Kmake_shared[m[K(_Args&&... __args)
      |     [01;36m[K^~~~~~~~~~~[m[K
[01m[K/usr/include/c++/9/bits/shared_ptr.h:714:5:[m[K [01;36m[Knote: [m[K  template argument deduction/substitution failed:
[01m[K/home/itaiboss/ros2_ws/src/challenge/src/solution.cpp:45:51:[m[K [01;31m[Kerror: [m[Ktemplate argument 1 is invalid
   45 |   rclcpp::spin(std::make_shared<MinimalPublisher>([01;31m[K)[m[K);
      |                                                   [01;31m[K^[m[K
make[2]: *** [CMakeFiles/solution.dir/build.make:63: CMakeFiles/solution.dir/src/solution.cpp.o] Error 1
make[1]: *** [CMakeFiles/Makefile2:78: CMakeFiles/solution.dir/all] Error 2
make: *** [Makefile:141: all] Error 2
