[0.135s] Invoking command in '/home/strawberryshadow/Desktop/software-start-here/build/challenge': CMAKE_PREFIX_PATH=${CMAKE_PREFIX_PATH}:/home/strawberryshadow/Desktop/triton/install/triton_teleop:/home/strawberryshadow/Desktop/triton/install/triton_pipeline:/home/strawberryshadow/Desktop/triton/install/triton_bringup:/opt/ros/rolling:/opt/ros/foxy /usr/bin/cmake --build /home/strawberryshadow/Desktop/software-start-here/build/challenge -- -j12 -l12
[0.156s] -- Found ament_cmake: 1.2.1 (/opt/ros/rolling/share/ament_cmake/cmake)
[0.273s] -- Found rclcpp: 15.0.0 (/opt/ros/rolling/share/rclcpp/cmake)
[0.298s] -- Using all available rosidl_typesupport_c: rosidl_typesupport_introspection_c;rosidl_typesupport_fastrtps_c
[0.300s] -- Found rosidl_adapter: 3.0.1 (/opt/ros/rolling/share/rosidl_adapter/cmake)
[0.387s] -- Using all available rosidl_typesupport_cpp: rosidl_typesupport_introspection_cpp;rosidl_typesupport_fastrtps_cpp
[0.423s] -- Found rmw_implementation_cmake: 5.1.0 (/opt/ros/rolling/share/rmw_implementation_cmake/cmake)
[0.424s] -- Found rmw_cyclonedds_cpp: 1.1.2 (/opt/ros/rolling/share/rmw_cyclonedds_cpp/cmake)
[0.438s] -- Using RMW implementation 'rmw_cyclonedds_cpp' as default
[0.552s] -- Found geometry_msgs: 4.0.0 (/opt/ros/rolling/share/geometry_msgs/cmake)
[0.580s] -- Found ament_lint_auto: 0.9.8 (/opt/ros/foxy/share/ament_lint_auto/cmake)
[0.625s] -- Added test 'copyright' to check source files copyright and LICENSE
[0.626s] -- Added test 'cppcheck' to perform static code analysis on C / C++ code
[0.626s] -- Configured cppcheck include dirs: $<BUILD_INTERFACE:/home/strawberryshadow/Desktop/software-start-here/src/challenge/include>
[0.626s] -- Configured cppcheck exclude dirs and/or files: 
[0.626s] -- Added test 'cpplint' to check C / C++ code against the Google style
[0.626s] -- Configured cpplint exclude dirs and/or files: 
[0.627s] -- Added test 'lint_cmake' to check CMake code style
[0.627s] -- Added test 'uncrustify' to check C / C++ code style
[0.627s] -- Configured uncrustify additional arguments: 
[0.627s] -- Added test 'xmllint' to check XML markup files
[0.629s] -- Configuring done
[0.633s] -- Generating done
[0.634s] -- Build files have been written to: /home/strawberryshadow/Desktop/software-start-here/build/challenge
[0.653s] [35m[1mScanning dependencies of target solution[0m
[0.672s] [ 50%] [32mBuilding CXX object CMakeFiles/solution.dir/src/solution.cpp.o[0m
[2.037s] In file included from [01m[K/opt/ros/rolling/include/rclcpp/client.hpp:43[m[K,
[2.037s]                  from [01m[K/opt/ros/rolling/include/rclcpp/callback_group.hpp:23[m[K,
[2.037s]                  from [01m[K/opt/ros/rolling/include/rclcpp/any_executable.hpp:20[m[K,
[2.037s]                  from [01m[K/opt/ros/rolling/include/rclcpp/memory_strategy.hpp:25[m[K,
[2.037s]                  from [01m[K/opt/ros/rolling/include/rclcpp/memory_strategies.hpp:18[m[K,
[2.037s]                  from [01m[K/opt/ros/rolling/include/rclcpp/executor_options.hpp:20[m[K,
[2.038s]                  from [01m[K/opt/ros/rolling/include/rclcpp/executor.hpp:37[m[K,
[2.038s]                  from [01m[K/opt/ros/rolling/include/rclcpp/executors/multi_threaded_executor.hpp:25[m[K,
[2.038s]                  from [01m[K/opt/ros/rolling/include/rclcpp/executors.hpp:21[m[K,
[2.038s]                  from [01m[K/opt/ros/rolling/include/rclcpp/rclcpp.hpp:155[m[K,
[2.038s]                  from [01m[K/home/strawberryshadow/Desktop/software-start-here/src/challenge/src/solution.cpp:8[m[K:
[2.038s] [01m[K/home/strawberryshadow/Desktop/software-start-here/src/challenge/src/solution.cpp:[m[K In member function â€˜[01m[Kvoid Publisher::timer_callback()[m[Kâ€™:
[2.038s] [01m[K/home/strawberryshadow/Desktop/software-start-here/src/challenge/src/solution.cpp:40:59:[m[K [01;31m[Kerror: [m[Kâ€˜[01m[Kmessage[m[Kâ€™ was not declared in this scope
[2.038s]    40 |       RCLCPP_INFO(this->get_logger(), "Publishing: '%s'", [01;31m[Kmessage[m[K.data.c_str());
[2.038s]       |                                                           [01;31m[K^~~~~~~[m[K
[2.493s] make[2]: *** [CMakeFiles/solution.dir/build.make:63: CMakeFiles/solution.dir/src/solution.cpp.o] Error 1
[2.494s] make[1]: *** [CMakeFiles/Makefile2:78: CMakeFiles/solution.dir/all] Error 2
[2.494s] make: *** [Makefile:141: all] Error 2
[2.497s] Invoked command in '/home/strawberryshadow/Desktop/software-start-here/build/challenge' returned '2': CMAKE_PREFIX_PATH=${CMAKE_PREFIX_PATH}:/home/strawberryshadow/Desktop/triton/install/triton_teleop:/home/strawberryshadow/Desktop/triton/install/triton_pipeline:/home/strawberryshadow/Desktop/triton/install/triton_bringup:/opt/ros/rolling:/opt/ros/foxy /usr/bin/cmake --build /home/strawberryshadow/Desktop/software-start-here/build/challenge -- -j12 -l12
