[0.144s] Invoking command in '/home/strawberryshadow/Desktop/software-start-here/build/challenge': CMAKE_PREFIX_PATH=${CMAKE_PREFIX_PATH}:/home/strawberryshadow/Desktop/triton/install/triton_teleop:/home/strawberryshadow/Desktop/triton/install/triton_pipeline:/home/strawberryshadow/Desktop/triton/install/triton_bringup:/opt/ros/rolling:/opt/ros/foxy /usr/bin/cmake --build /home/strawberryshadow/Desktop/software-start-here/build/challenge -- -j12 -l12
[0.177s] [35m[1mScanning dependencies of target solution[0m
[0.201s] [ 50%] [32mBuilding CXX object CMakeFiles/solution.dir/src/solution.cpp.o[0m
[1.692s] [01m[K/home/strawberryshadow/Desktop/software-start-here/src/challenge/src/solution.cpp:[m[K In member function â€˜[01m[Kvoid Publisher::timer_callback()[m[Kâ€™:
[1.692s] [01m[K/home/strawberryshadow/Desktop/software-start-here/src/challenge/src/solution.cpp:32:10:[m[K [01;31m[Kerror: [m[Kassignment of function â€˜[01m[Kdouble sin(double)[m[Kâ€™
[1.692s]    32 |       [01;31m[Ksin=sin(((count_++)*2.0*PI/20.0))[m[K;
[1.693s]       |       [01;31m[K~~~^~~~~~~~~~~~~~~~~~~~~~~~~~~~~~[m[K
[1.693s] [01m[K/home/strawberryshadow/Desktop/software-start-here/src/challenge/src/solution.cpp:33:24:[m[K [01;31m[Kerror: [m[Kcannot convert â€˜[01m[Kdouble(double) noexcept[m[Kâ€™ to â€˜[01m[Kgeometry_msgs::msg::Vector3_<std::allocator<void> >::_x_type[m[Kâ€™ {aka â€˜[01m[Kdouble[m[Kâ€™} in assignment
[1.693s]    33 |       twist.linear.x = [01;31m[Ksin[m[K
[1.693s]       |                        [01;31m[K^~~[m[K
[1.693s]       |                        [01;31m[K|[m[K
[1.693s]       |                        [01;31m[Kdouble(double) noexcept[m[K
[1.693s] In file included from [01m[K/opt/ros/rolling/include/rclcpp/client.hpp:43[m[K,
[1.693s]                  from [01m[K/opt/ros/rolling/include/rclcpp/callback_group.hpp:23[m[K,
[1.693s]                  from [01m[K/opt/ros/rolling/include/rclcpp/any_executable.hpp:20[m[K,
[1.693s]                  from [01m[K/opt/ros/rolling/include/rclcpp/memory_strategy.hpp:25[m[K,
[1.693s]                  from [01m[K/opt/ros/rolling/include/rclcpp/memory_strategies.hpp:18[m[K,
[1.694s]                  from [01m[K/opt/ros/rolling/include/rclcpp/executor_options.hpp:20[m[K,
[1.694s]                  from [01m[K/opt/ros/rolling/include/rclcpp/executor.hpp:37[m[K,
[1.694s]                  from [01m[K/opt/ros/rolling/include/rclcpp/executors/multi_threaded_executor.hpp:25[m[K,
[1.694s]                  from [01m[K/opt/ros/rolling/include/rclcpp/executors.hpp:21[m[K,
[1.694s]                  from [01m[K/opt/ros/rolling/include/rclcpp/rclcpp.hpp:155[m[K,
[1.694s]                  from [01m[K/home/strawberryshadow/Desktop/software-start-here/src/challenge/src/solution.cpp:8[m[K:
[1.694s] [01m[K/home/strawberryshadow/Desktop/software-start-here/src/challenge/src/solution.cpp:41:39:[m[K [01;35m[Kwarning: [m[Kformat â€˜[01m[K%f[m[Kâ€™ expects argument of type â€˜[01m[Kdouble[m[Kâ€™, but argument 5 has type â€˜[01m[Kdouble (*)(double) noexcept[m[Kâ€™ [[01;35m[K-Wformat=[m[K]
[1.694s]    41 |       RCLCPP_INFO(this->get_logger(), [01;35m[K"Publishing: '%f'"[m[K, [32m[Ksin[m[K);
[1.694s]       |                                       [01;35m[K^~~~~~~~~~~~~~~~~~[m[K  [32m[K~~~[m[K
[1.694s]       |                                                           [32m[K|[m[K
[1.694s]       |                                                           [32m[Kdouble (*)(double) noexcept[m[K
[1.694s] [01m[K/home/strawberryshadow/Desktop/software-start-here/src/challenge/src/solution.cpp:41:54:[m[K [01;36m[Knote: [m[Kformat string is defined here
[1.694s]    41 |       RCLCPP_INFO(this->get_logger(), "Publishing: '[01;36m[K%f[m[K'", sin);
[1.695s]       |                                                     [01;36m[K~^[m[K
[1.695s]       |                                                      [01;36m[K|[m[K
[1.695s]       |                                                      [01;36m[Kdouble[m[K
[2.177s] make[2]: *** [CMakeFiles/solution.dir/build.make:63: CMakeFiles/solution.dir/src/solution.cpp.o] Error 1
[2.177s] make[1]: *** [CMakeFiles/Makefile2:78: CMakeFiles/solution.dir/all] Error 2
[2.178s] make: *** [Makefile:141: all] Error 2
[2.181s] Invoked command in '/home/strawberryshadow/Desktop/software-start-here/build/challenge' returned '2': CMAKE_PREFIX_PATH=${CMAKE_PREFIX_PATH}:/home/strawberryshadow/Desktop/triton/install/triton_teleop:/home/strawberryshadow/Desktop/triton/install/triton_pipeline:/home/strawberryshadow/Desktop/triton/install/triton_bringup:/opt/ros/rolling:/opt/ros/foxy /usr/bin/cmake --build /home/strawberryshadow/Desktop/software-start-here/build/challenge -- -j12 -l12
