-- Found ament_cmake: 0.9.12 (/opt/ros/foxy/share/ament_cmake/cmake)
-- Using PYTHON_EXECUTABLE: /usr/bin/python3
-- Found rclcpp: 2.4.3 (/opt/ros/foxy/share/rclcpp/cmake)
-- Using all available rosidl_typesupport_c: rosidl_typesupport_fastrtps_c;rosidl_typesupport_introspection_c
-- Found rosidl_adapter: 1.3.1 (/opt/ros/foxy/share/rosidl_adapter/cmake)
-- Using all available rosidl_typesupport_cpp: rosidl_typesupport_fastrtps_cpp;rosidl_typesupport_introspection_cpp
-- Found rmw_implementation_cmake: 1.0.4 (/opt/ros/foxy/share/rmw_implementation_cmake/cmake)
-- Using RMW implementation 'rmw_fastrtps_cpp' as default
-- Found geometry_msgs: 2.0.5 (/opt/ros/foxy/share/geometry_msgs/cmake)
-- Configuring done
-- Generating done
-- Build files have been written to: /home/krish/repos/software-start-here/build/challenge
[35m[1mScanning dependencies of target solution[0m
[ 50%] [32mBuilding CXX object CMakeFiles/solution.dir/src/solution.cpp.o[0m
[01m[K/home/krish/repos/software-start-here/src/challenge/src/solution.cpp:[m[K In constructor â€˜[01m[KSineTurtle::SineTurtle()[m[Kâ€™:
[01m[K/home/krish/repos/software-start-here/src/challenge/src/solution.cpp:23:39:[m[K [01;31m[Kerror: [m[Kâ€˜[01m[KTeleport[m[Kâ€™ was not declared in this scope
   23 |     auto client = this->create_client<[01;31m[KTeleport[m[K>("turtle1/teleport_absolute");
      |                                       [01;31m[K^~~~~~~~[m[K
[01m[K/home/krish/repos/software-start-here/src/challenge/src/solution.cpp:23:76:[m[K [01;31m[Kerror: [m[Kno matching function for call to â€˜[01m[KSineTurtle::create_client<<expression error> >(const char [26])[m[Kâ€™
   23 |     auto client = this->create_client<Teleport>("turtle1/teleport_absolute"[01;31m[K)[m[K;
      |                                                                            [01;31m[K^[m[K
In file included from [01m[K/opt/ros/foxy/include/rclcpp/executors/single_threaded_executor.hpp:28[m[K,
                 from [01m[K/opt/ros/foxy/include/rclcpp/executors.hpp:22[m[K,
                 from [01m[K/opt/ros/foxy/include/rclcpp/rclcpp.hpp:146[m[K,
                 from [01m[K/home/krish/repos/software-start-here/src/challenge/src/solution.cpp:2[m[K:
[01m[K/opt/ros/foxy/include/rclcpp/node.hpp:246:3:[m[K [01;36m[Knote: [m[Kcandidate: â€˜[01m[Ktemplate<class ServiceT> typename rclcpp::Client<ServiceT>::SharedPtr rclcpp::Node::create_client(const string&, const rmw_qos_profile_t&, rclcpp::CallbackGroup::SharedPtr)[m[Kâ€™
  246 |   [01;36m[Kcreate_client[m[K(
      |   [01;36m[K^~~~~~~~~~~~~[m[K
[01m[K/opt/ros/foxy/include/rclcpp/node.hpp:246:3:[m[K [01;36m[Knote: [m[K  template argument deduction/substitution failed:
[01m[K/home/krish/repos/software-start-here/src/challenge/src/solution.cpp:23:76:[m[K [01;31m[Kerror: [m[Ktemplate argument 1 is invalid
   23 |     auto client = this->create_client<Teleport>("turtle1/teleport_absolute"[01;31m[K)[m[K;
      |                                                                            [01;31m[K^[m[K
[01m[K/home/krish/repos/software-start-here/src/challenge/src/solution.cpp:28:25:[m[K [01;31m[Kerror: [m[Kparse error in template argument list
   28 |     auto request = std::[01;31m[Kmake_shared<Teleport::Request>[m[K();
      |                         [01;31m[K^~~~~~~~~~~~~~~~~~~~~~~~~~~~~~[m[K
[01m[K/home/krish/repos/software-start-here/src/challenge/src/solution.cpp:28:56:[m[K [01;31m[Kerror: [m[Kno matching function for call to â€˜[01m[Kmake_shared<Teleport>()[m[Kâ€™
   28 |     auto request = std::make_shared<Teleport::Request>([01;31m[K)[m[K;
      |                                                        [01;31m[K^[m[K
In file included from [01m[K/usr/include/c++/9/memory:81[m[K,
                 from [01m[K/opt/ros/foxy/include/rclcpp/rclcpp.hpp:144[m[K,
                 from [01m[K/home/krish/repos/software-start-here/src/challenge/src/solution.cpp:2[m[K:
[01m[K/usr/include/c++/9/bits/shared_ptr.h:714:5:[m[K [01;36m[Knote: [m[Kcandidate: â€˜[01m[Ktemplate<class _Tp, class ... _Args> std::shared_ptr<_Tp> std::make_shared(_Args&& ...)[m[Kâ€™
  714 |     [01;36m[Kmake_shared[m[K(_Args&&... __args)
      |     [01;36m[K^~~~~~~~~~~[m[K
[01m[K/usr/include/c++/9/bits/shared_ptr.h:714:5:[m[K [01;36m[Knote: [m[K  template argument deduction/substitution failed:
make[2]: *** [CMakeFiles/solution.dir/build.make:63: CMakeFiles/solution.dir/src/solution.cpp.o] Error 1
make[1]: *** [CMakeFiles/Makefile2:78: CMakeFiles/solution.dir/all] Error 2
make: *** [Makefile:141: all] Error 2
