[0.022s] Invoking command in '/home/krish/repos/software-start-here/build/challenge': CMAKE_PREFIX_PATH=${CMAKE_PREFIX_PATH}:/home/krish/repos/steelhead/install/triton_teleop:/home/krish/repos/steelhead/install/triton_pipeline:/home/krish/repos/steelhead/install/triton_bringup:/home/krish/ws/install/opencv_tests:/home/krish/ros2_ws/src/install/examples_rclpy_minimal_subscriber:/home/krish/ros2_ws/src/install/examples_rclpy_minimal_service:/home/krish/ros2_ws/src/install/examples_rclpy_minimal_publisher:/home/krish/ros2_ws/src/install/examples_rclpy_minimal_client:/home/krish/ros2_ws/src/install/examples_rclpy_minimal_action_server:/home/krish/ros2_ws/src/install/examples_rclpy_minimal_action_client:/home/krish/ros2_ws/src/install/examples_rclpy_executors:/opt/ros/foxy /usr/bin/cmake --build /home/krish/repos/software-start-here/build/challenge -- -j8 -l8
[0.088s] -- Found ament_cmake: 0.9.12 (/opt/ros/foxy/share/ament_cmake/cmake)
[0.126s] -- Using PYTHON_EXECUTABLE: /usr/bin/python3
[0.320s] -- Found rclcpp: 2.4.3 (/opt/ros/foxy/share/rclcpp/cmake)
[0.443s] -- Using all available rosidl_typesupport_c: rosidl_typesupport_fastrtps_c;rosidl_typesupport_introspection_c
[0.447s] -- Found rosidl_adapter: 1.3.1 (/opt/ros/foxy/share/rosidl_adapter/cmake)
[2.155s] -- Using all available rosidl_typesupport_cpp: rosidl_typesupport_fastrtps_cpp;rosidl_typesupport_introspection_cpp
[2.211s] -- Found rmw_implementation_cmake: 1.0.4 (/opt/ros/foxy/share/rmw_implementation_cmake/cmake)
[2.215s] -- Using RMW implementation 'rmw_fastrtps_cpp' as default
[2.349s] -- Found geometry_msgs: 2.0.5 (/opt/ros/foxy/share/geometry_msgs/cmake)
[2.453s] -- Configuring done
[2.464s] -- Generating done
[2.467s] -- Build files have been written to: /home/krish/repos/software-start-here/build/challenge
[2.506s] [35m[1mScanning dependencies of target solution[0m
[2.540s] [ 50%] [32mBuilding CXX object CMakeFiles/solution.dir/src/solution.cpp.o[0m
[3.794s] [01m[K/home/krish/repos/software-start-here/src/challenge/src/solution.cpp:[m[K In constructor â€˜[01m[KSineTurtle::SineTurtle()[m[Kâ€™:
[3.794s] [01m[K/home/krish/repos/software-start-here/src/challenge/src/solution.cpp:23:39:[m[K [01;31m[Kerror: [m[Kâ€˜[01m[KTeleport[m[Kâ€™ was not declared in this scope
[3.794s]    23 |     auto client = this->create_client<[01;31m[KTeleport[m[K>("turtle1/teleport_absolute");
[3.794s]       |                                       [01;31m[K^~~~~~~~[m[K
[3.794s] [01m[K/home/krish/repos/software-start-here/src/challenge/src/solution.cpp:23:76:[m[K [01;31m[Kerror: [m[Kno matching function for call to â€˜[01m[KSineTurtle::create_client<<expression error> >(const char [26])[m[Kâ€™
[3.794s]    23 |     auto client = this->create_client<Teleport>("turtle1/teleport_absolute"[01;31m[K)[m[K;
[3.795s]       |                                                                            [01;31m[K^[m[K
[3.795s] In file included from [01m[K/opt/ros/foxy/include/rclcpp/executors/single_threaded_executor.hpp:28[m[K,
[3.795s]                  from [01m[K/opt/ros/foxy/include/rclcpp/executors.hpp:22[m[K,
[3.795s]                  from [01m[K/opt/ros/foxy/include/rclcpp/rclcpp.hpp:146[m[K,
[3.795s]                  from [01m[K/home/krish/repos/software-start-here/src/challenge/src/solution.cpp:2[m[K:
[3.795s] [01m[K/opt/ros/foxy/include/rclcpp/node.hpp:246:3:[m[K [01;36m[Knote: [m[Kcandidate: â€˜[01m[Ktemplate<class ServiceT> typename rclcpp::Client<ServiceT>::SharedPtr rclcpp::Node::create_client(const string&, const rmw_qos_profile_t&, rclcpp::CallbackGroup::SharedPtr)[m[Kâ€™
[3.795s]   246 |   [01;36m[Kcreate_client[m[K(
[3.795s]       |   [01;36m[K^~~~~~~~~~~~~[m[K
[3.795s] [01m[K/opt/ros/foxy/include/rclcpp/node.hpp:246:3:[m[K [01;36m[Knote: [m[K  template argument deduction/substitution failed:
[3.795s] [01m[K/home/krish/repos/software-start-here/src/challenge/src/solution.cpp:23:76:[m[K [01;31m[Kerror: [m[Ktemplate argument 1 is invalid
[3.795s]    23 |     auto client = this->create_client<Teleport>("turtle1/teleport_absolute"[01;31m[K)[m[K;
[3.795s]       |                                                                            [01;31m[K^[m[K
[3.796s] [01m[K/home/krish/repos/software-start-here/src/challenge/src/solution.cpp:28:25:[m[K [01;31m[Kerror: [m[Kparse error in template argument list
[3.796s]    28 |     auto request = std::[01;31m[Kmake_shared<Teleport::Request>[m[K();
[3.796s]       |                         [01;31m[K^~~~~~~~~~~~~~~~~~~~~~~~~~~~~~[m[K
[3.796s] [01m[K/home/krish/repos/software-start-here/src/challenge/src/solution.cpp:28:56:[m[K [01;31m[Kerror: [m[Kno matching function for call to â€˜[01m[Kmake_shared<Teleport>()[m[Kâ€™
[3.796s]    28 |     auto request = std::make_shared<Teleport::Request>([01;31m[K)[m[K;
[3.796s]       |                                                        [01;31m[K^[m[K
[3.796s] In file included from [01m[K/usr/include/c++/9/memory:81[m[K,
[3.796s]                  from [01m[K/opt/ros/foxy/include/rclcpp/rclcpp.hpp:144[m[K,
[3.796s]                  from [01m[K/home/krish/repos/software-start-here/src/challenge/src/solution.cpp:2[m[K:
[3.796s] [01m[K/usr/include/c++/9/bits/shared_ptr.h:714:5:[m[K [01;36m[Knote: [m[Kcandidate: â€˜[01m[Ktemplate<class _Tp, class ... _Args> std::shared_ptr<_Tp> std::make_shared(_Args&& ...)[m[Kâ€™
[3.796s]   714 |     [01;36m[Kmake_shared[m[K(_Args&&... __args)
[3.796s]       |     [01;36m[K^~~~~~~~~~~[m[K
[3.796s] [01m[K/usr/include/c++/9/bits/shared_ptr.h:714:5:[m[K [01;36m[Knote: [m[K  template argument deduction/substitution failed:
[4.531s] make[2]: *** [CMakeFiles/solution.dir/build.make:63: CMakeFiles/solution.dir/src/solution.cpp.o] Error 1
[4.532s] make[1]: *** [CMakeFiles/Makefile2:78: CMakeFiles/solution.dir/all] Error 2
[4.532s] make: *** [Makefile:141: all] Error 2
[4.535s] Invoked command in '/home/krish/repos/software-start-here/build/challenge' returned '2': CMAKE_PREFIX_PATH=${CMAKE_PREFIX_PATH}:/home/krish/repos/steelhead/install/triton_teleop:/home/krish/repos/steelhead/install/triton_pipeline:/home/krish/repos/steelhead/install/triton_bringup:/home/krish/ws/install/opencv_tests:/home/krish/ros2_ws/src/install/examples_rclpy_minimal_subscriber:/home/krish/ros2_ws/src/install/examples_rclpy_minimal_service:/home/krish/ros2_ws/src/install/examples_rclpy_minimal_publisher:/home/krish/ros2_ws/src/install/examples_rclpy_minimal_client:/home/krish/ros2_ws/src/install/examples_rclpy_minimal_action_server:/home/krish/ros2_ws/src/install/examples_rclpy_minimal_action_client:/home/krish/ros2_ws/src/install/examples_rclpy_executors:/opt/ros/foxy /usr/bin/cmake --build /home/krish/repos/software-start-here/build/challenge -- -j8 -l8
