[0.146s] Invoking command in '/home/strawberryshadow/Desktop/software-start-here/build/challenge': CMAKE_PREFIX_PATH=${CMAKE_PREFIX_PATH}:/home/strawberryshadow/Desktop/triton/install/triton_teleop:/home/strawberryshadow/Desktop/triton/install/triton_pipeline:/home/strawberryshadow/Desktop/triton/install/triton_bringup:/opt/ros/rolling:/opt/ros/foxy /usr/bin/cmake --build /home/strawberryshadow/Desktop/software-start-here/build/challenge -- -j12 -l12
[0.166s] -- Found ament_cmake: 1.2.1 (/opt/ros/rolling/share/ament_cmake/cmake)
[0.284s] -- Found rclcpp: 15.0.0 (/opt/ros/rolling/share/rclcpp/cmake)
[0.309s] -- Using all available rosidl_typesupport_c: rosidl_typesupport_introspection_c;rosidl_typesupport_fastrtps_c
[0.310s] -- Found rosidl_adapter: 3.0.1 (/opt/ros/rolling/share/rosidl_adapter/cmake)
[0.391s] -- Using all available rosidl_typesupport_cpp: rosidl_typesupport_introspection_cpp;rosidl_typesupport_fastrtps_cpp
[0.427s] -- Found rmw_implementation_cmake: 5.1.0 (/opt/ros/rolling/share/rmw_implementation_cmake/cmake)
[0.429s] -- Found rmw_cyclonedds_cpp: 1.1.2 (/opt/ros/rolling/share/rmw_cyclonedds_cpp/cmake)
[0.442s] -- Using RMW implementation 'rmw_cyclonedds_cpp' as default
[0.549s] -- Found ament_lint_auto: 0.9.8 (/opt/ros/foxy/share/ament_lint_auto/cmake)
[0.593s] -- Added test 'copyright' to check source files copyright and LICENSE
[0.593s] -- Added test 'cppcheck' to perform static code analysis on C / C++ code
[0.593s] -- Configured cppcheck include dirs: $<BUILD_INTERFACE:/home/strawberryshadow/Desktop/software-start-here/src/challenge/include>
[0.593s] -- Configured cppcheck exclude dirs and/or files: 
[0.593s] -- Added test 'cpplint' to check C / C++ code against the Google style
[0.593s] -- Configured cpplint exclude dirs and/or files: 
[0.594s] -- Added test 'lint_cmake' to check CMake code style
[0.594s] -- Added test 'uncrustify' to check C / C++ code style
[0.594s] -- Configured uncrustify additional arguments: 
[0.594s] -- Added test 'xmllint' to check XML markup files
[0.596s] -- Configuring done
[0.600s] -- Generating done
[0.601s] -- Build files have been written to: /home/strawberryshadow/Desktop/software-start-here/build/challenge
[0.619s] [35m[1mScanning dependencies of target solution[0m
[0.673s] [ 50%] [32mBuilding CXX object CMakeFiles/solution.dir/src/solution.cpp.o[0m
[2.076s] [01m[K/home/strawberryshadow/Desktop/software-start-here/src/challenge/src/solution.cpp:36:43:[m[K [01;31m[Kerror: [m[Ktemplate argument 1 is invalid
[2.076s]    36 |     rclcpp::Publisher<std_msgs::msg::float[01;31m[K>[m[K::SharedPtr publisher_;
[2.076s]       |                                           [01;31m[K^[m[K
[2.076s] [01m[K/home/strawberryshadow/Desktop/software-start-here/src/challenge/src/solution.cpp:36:46:[m[K [01;31m[Kerror: [m[Kexpected â€˜[01m[K;[m[Kâ€™ at end of member declaration
[2.076s]    36 |     rclcpp::Publisher<std_msgs::msg::float>::[01;31m[KSharedPtr[m[K publisher_;
[2.077s]       |                                              [01;31m[K^~~~~~~~~[m[K
[2.077s]       |                                                       [32m[K;[m[K
[2.077s] [01m[K/home/strawberryshadow/Desktop/software-start-here/src/challenge/src/solution.cpp:36:56:[m[K [01;31m[Kerror: [m[Kâ€˜[01m[Kpublisher_[m[Kâ€™ does not name a type; did you mean â€˜[01m[KPublisher[m[Kâ€™?
[2.077s]    36 |     rclcpp::Publisher<std_msgs::msg::float>::SharedPtr [01;31m[Kpublisher_[m[K;
[2.077s]       |                                                        [01;31m[K^~~~~~~~~~[m[K
[2.077s]       |                                                        [32m[KPublisher[m[K
[2.077s] [01m[K/home/strawberryshadow/Desktop/software-start-here/src/challenge/src/solution.cpp:38:2:[m[K [01;31m[Kerror: [m[Kexpected â€˜[01m[K;[m[Kâ€™ after class definition
[2.077s]    38 | }
[2.077s]       |  [01;31m[K^[m[K
[2.077s]       |  [32m[K;[m[K
[2.078s] [01m[K/home/strawberryshadow/Desktop/software-start-here/src/challenge/src/solution.cpp:[m[K In constructor â€˜[01m[KPublisher::Publisher()[m[Kâ€™:
[2.078s] [01m[K/home/strawberryshadow/Desktop/software-start-here/src/challenge/src/solution.cpp:20:7:[m[K [01;31m[Kerror: [m[Kâ€˜[01m[Kpublisher_[m[Kâ€™ was not declared in this scope; did you mean â€˜[01m[KPublisher[m[Kâ€™?
[2.078s]    20 |       [01;31m[Kpublisher_[m[K = this->create_publisher<std_msgs::msg::float>("turtle_movement", 10);
[2.078s]       |       [01;31m[K^~~~~~~~~~[m[K
[2.079s]       |       [32m[KPublisher[m[K
[2.079s] [01m[K/home/strawberryshadow/Desktop/software-start-here/src/challenge/src/solution.cpp:20:26:[m[K [01;31m[Kerror: [m[Kparse error in template argument list
[2.079s]    20 |       publisher_ = this->[01;31m[Kcreate_publisher<std_msgs::msg::float>[m[K("turtle_movement", 10);
[2.079s]       |                          [01;31m[K^~~~~~~~~~~~~~~~~~~~~~~~~~~~~~~~~~~~~~[m[K
[2.079s] [01m[K/home/strawberryshadow/Desktop/software-start-here/src/challenge/src/solution.cpp:20:86:[m[K [01;31m[Kerror: [m[Kno matching function for call to â€˜[01m[KPublisher::create_publisher<<expression error> >(const char [16], int)[m[Kâ€™
[2.079s]    20 |       publisher_ = this->create_publisher<std_msgs::msg::float>("turtle_movement", 10[01;31m[K)[m[K;
[2.079s]       |                                                                                      [01;31m[K^[m[K
[2.079s] In file included from [01m[K/opt/ros/rolling/include/rclcpp/executors/single_threaded_executor.hpp:28[m[K,
[2.079s]                  from [01m[K/opt/ros/rolling/include/rclcpp/executors.hpp:22[m[K,
[2.079s]                  from [01m[K/opt/ros/rolling/include/rclcpp/rclcpp.hpp:155[m[K,
[2.079s]                  from [01m[K/home/strawberryshadow/Desktop/software-start-here/src/challenge/src/solution.cpp:8[m[K:
[2.080s] [01m[K/opt/ros/rolling/include/rclcpp/node.hpp:195:3:[m[K [01;36m[Knote: [m[Kcandidate: â€˜[01m[Ktemplate<class MessageT, class AllocatorT, class PublisherT> std::shared_ptr<PublisherT> rclcpp::Node::create_publisher(const string&, const rclcpp::QoS&, const rclcpp::PublisherOptionsWithAllocator<AllocatorT>&)[m[Kâ€™
[2.080s]   195 |   [01;36m[Kcreate_publisher[m[K(
[2.080s]       |   [01;36m[K^~~~~~~~~~~~~~~~[m[K
[2.080s] [01m[K/opt/ros/rolling/include/rclcpp/node.hpp:195:3:[m[K [01;36m[Knote: [m[K  template argument deduction/substitution failed:
[2.080s] [01m[K/home/strawberryshadow/Desktop/software-start-here/src/challenge/src/solution.cpp:20:86:[m[K [01;31m[Kerror: [m[Ktemplate argument 1 is invalid
[2.080s]    20 |       publisher_ = this->create_publisher<std_msgs::msg::float>("turtle_movement", 10[01;31m[K)[m[K;
[2.080s]       |                                                                                      [01;31m[K^[m[K
[2.080s] [01m[K/home/strawberryshadow/Desktop/software-start-here/src/challenge/src/solution.cpp:22:25:[m[K [01;31m[Kerror: [m[Kâ€˜[01m[KMinimalPublisher[m[Kâ€™ has not been declared
[2.080s]    22 |       500ms, std::bind(&[01;31m[KMinimalPublisher[m[K::timer_callback, this));
[2.080s]       |                         [01;31m[K^~~~~~~~~~~~~~~~[m[K
[2.080s] [01m[K/home/strawberryshadow/Desktop/software-start-here/src/challenge/src/solution.cpp:[m[K In member function â€˜[01m[Kvoid Publisher::timer_callback()[m[Kâ€™:
[2.081s] [01m[K/home/strawberryshadow/Desktop/software-start-here/src/challenge/src/solution.cpp:28:37:[m[K [01;31m[Kerror: [m[Kexpected unqualified-id before â€˜[01m[Kfloat[m[Kâ€™
[2.081s]    28 |       auto message = std_msgs::msg::[01;31m[Kfloat[m[K();
[2.081s]       |                                     [01;31m[K^~~~~[m[K
[2.081s] [01m[K/home/strawberryshadow/Desktop/software-start-here/src/challenge/src/solution.cpp:31:7:[m[K [01;31m[Kerror: [m[Kâ€˜[01m[Kpublisher_[m[Kâ€™ was not declared in this scope; did you mean â€˜[01m[KPublisher[m[Kâ€™?
[2.081s]    31 |       [01;31m[Kpublisher_[m[K->publish(message);
[2.081s]       |       [01;31m[K^~~~~~~~~~[m[K
[2.081s]       |       [32m[KPublisher[m[K
[2.323s] make[2]: *** [CMakeFiles/solution.dir/build.make:63: CMakeFiles/solution.dir/src/solution.cpp.o] Error 1
[2.323s] make[1]: *** [CMakeFiles/Makefile2:78: CMakeFiles/solution.dir/all] Error 2
[2.323s] make: *** [Makefile:141: all] Error 2
[2.326s] Invoked command in '/home/strawberryshadow/Desktop/software-start-here/build/challenge' returned '2': CMAKE_PREFIX_PATH=${CMAKE_PREFIX_PATH}:/home/strawberryshadow/Desktop/triton/install/triton_teleop:/home/strawberryshadow/Desktop/triton/install/triton_pipeline:/home/strawberryshadow/Desktop/triton/install/triton_bringup:/opt/ros/rolling:/opt/ros/foxy /usr/bin/cmake --build /home/strawberryshadow/Desktop/software-start-here/build/challenge -- -j12 -l12
