[0.016s] Invoking command in '/home/navrajb/software/software-start-here/build/challenge': CMAKE_PREFIX_PATH=${CMAKE_PREFIX_PATH}:/opt/ros/foxy /usr/bin/cmake --build /home/navrajb/software/software-start-here/build/challenge -- -j8 -l8
[0.070s] [35m[1mScanning dependencies of target solution[0m
[0.103s] [ 50%] [32mBuilding CXX object CMakeFiles/solution.dir/src/solution.cpp.o[0m
[1.304s] [01m[K/home/navrajb/software/software-start-here/src/challenge/src/solution.cpp:41:43:[m[K [01;31m[Kerror: [m[Kâ€˜[01m[KString[m[Kâ€™ is not a member of â€˜[01m[Kgeometry_msgs::msg[m[Kâ€™; did you mean â€˜[01m[Kstd_msgs::msg::String[m[Kâ€™?
[1.304s]    41 |     rclcpp::Publisher<geometry_msgs::msg::[01;31m[KString[m[K>::SharedPtr publisher_;
[1.304s]       |                                           [01;31m[K^~~~~~[m[K
[1.304s] In file included from [01m[K/opt/ros/foxy/include/std_msgs/msg/string.hpp:7[m[K,
[1.305s]                  from [01m[K/home/navrajb/software/software-start-here/src/challenge/src/solution.cpp:8[m[K:
[1.305s] [01m[K/opt/ros/foxy/include/std_msgs/msg/detail/string__struct.hpp:121:7:[m[K [01;36m[Knote: [m[Kâ€˜[01m[Kstd_msgs::msg::String[m[Kâ€™ declared here
[1.305s]   121 | using [01;36m[KString[m[K =
[1.305s]       |       [01;36m[K^~~~~~[m[K
[1.305s] [01m[K/home/navrajb/software/software-start-here/src/challenge/src/solution.cpp:41:43:[m[K [01;31m[Kerror: [m[Kâ€˜[01m[KString[m[Kâ€™ is not a member of â€˜[01m[Kgeometry_msgs::msg[m[Kâ€™; did you mean â€˜[01m[Kstd_msgs::msg::String[m[Kâ€™?
[1.305s]    41 |     rclcpp::Publisher<geometry_msgs::msg::[01;31m[KString[m[K>::SharedPtr publisher_;
[1.305s]       |                                           [01;31m[K^~~~~~[m[K
[1.305s] In file included from [01m[K/opt/ros/foxy/include/std_msgs/msg/string.hpp:7[m[K,
[1.305s]                  from [01m[K/home/navrajb/software/software-start-here/src/challenge/src/solution.cpp:8[m[K:
[1.305s] [01m[K/opt/ros/foxy/include/std_msgs/msg/detail/string__struct.hpp:121:7:[m[K [01;36m[Knote: [m[Kâ€˜[01m[Kstd_msgs::msg::String[m[Kâ€™ declared here
[1.305s]   121 | using [01;36m[KString[m[K =
[1.305s]       |       [01;36m[K^~~~~~[m[K
[1.305s] [01m[K/home/navrajb/software/software-start-here/src/challenge/src/solution.cpp:41:49:[m[K [01;31m[Kerror: [m[Ktemplate argument 1 is invalid
[1.305s]    41 |     rclcpp::Publisher<geometry_msgs::msg::String[01;31m[K>[m[K::SharedPtr publisher_;
[1.305s]       |                                                 [01;31m[K^[m[K
[1.306s] [01m[K/home/navrajb/software/software-start-here/src/challenge/src/solution.cpp:41:52:[m[K [01;31m[Kerror: [m[Kexpected â€˜[01m[K;[m[Kâ€™ at end of member declaration
[1.306s]    41 |     rclcpp::Publisher<geometry_msgs::msg::String>::[01;31m[KSharedPtr[m[K publisher_;
[1.306s]       |                                                    [01;31m[K^~~~~~~~~[m[K
[1.306s]       |                                                             [32m[K;[m[K
[1.306s] [01m[K/home/navrajb/software/software-start-here/src/challenge/src/solution.cpp:41:62:[m[K [01;31m[Kerror: [m[Kâ€˜[01m[Kpublisher_[m[Kâ€™ does not name a type; did you mean â€˜[01m[Krcl_publisher_t[m[Kâ€™?
[1.306s]    41 |     rclcpp::Publisher<geometry_msgs::msg::String>::SharedPtr [01;31m[Kpublisher_[m[K;
[1.306s]       |                                                              [01;31m[K^~~~~~~~~~[m[K
[1.306s]       |                                                              [32m[Krcl_publisher_t[m[K
[1.307s] [01m[K/home/navrajb/software/software-start-here/src/challenge/src/solution.cpp:[m[K In constructor â€˜[01m[KMinimalPublisher::MinimalPublisher()[m[Kâ€™:
[1.307s] [01m[K/home/navrajb/software/software-start-here/src/challenge/src/solution.cpp:22:7:[m[K [01;31m[Kerror: [m[Kunable to find numeric literal operator â€˜[01m[Koperator""ms[m[Kâ€™
[1.307s]    22 |       [01;31m[K50ms[m[K, std::bind(&MinimalPublisher::timer_callback, this));
[1.307s]       |       [01;31m[K^~~~[m[K
[1.315s] [01m[K/home/navrajb/software/software-start-here/src/challenge/src/solution.cpp:[m[K In member function â€˜[01m[Kvoid MinimalPublisher::timer_callback()[m[Kâ€™:
[1.315s] [01m[K/home/navrajb/software/software-start-here/src/challenge/src/solution.cpp:28:11:[m[K [01;31m[Kerror: [m[Kâ€˜[01m[Kpublisher_[m[Kâ€™ was not declared in this scope; did you mean â€˜[01m[Krcl_publisher_t[m[Kâ€™?
[1.315s]    28 |           [01;31m[Kpublisher_[m[K = this->create_publisher<geometry_msgs::msg::Twist>("/turtle1/cmd_vel",1);
[1.315s]       |           [01;31m[K^~~~~~~~~~[m[K
[1.315s]       |           [32m[Krcl_publisher_t[m[K
[1.319s] [01m[K/home/navrajb/software/software-start-here/src/challenge/src/solution.cpp:29:32:[m[K [01;31m[Kerror: [m[Kâ€˜[01m[KTwist[m[Kâ€™ is not a member of â€˜[01m[Kgeometry_msgs[m[Kâ€™; did you mean â€˜[01m[Kgeometry_msgs::msg::Twist[m[Kâ€™?
[1.319s]    29 |  auto message = geometry_msgs::[01;31m[KTwist[m[K twist;
[1.319s]       |                                [01;31m[K^~~~~[m[K
[1.319s] In file included from [01m[K/opt/ros/foxy/include/geometry_msgs/msg/twist.hpp:7[m[K,
[1.319s]                  from [01m[K/home/navrajb/software/software-start-here/src/challenge/src/solution.cpp:9[m[K:
[1.319s] [01m[K/opt/ros/foxy/include/geometry_msgs/msg/detail/twist__struct.hpp:133:7:[m[K [01;36m[Knote: [m[Kâ€˜[01m[Kgeometry_msgs::msg::Twist[m[Kâ€™ declared here
[1.319s]   133 | using [01;36m[KTwist[m[K =
[1.319s]       |       [01;36m[K^~~~~[m[K
[1.906s] make[2]: *** [CMakeFiles/solution.dir/build.make:63: CMakeFiles/solution.dir/src/solution.cpp.o] Error 1
[1.906s] make[1]: *** [CMakeFiles/Makefile2:78: CMakeFiles/solution.dir/all] Error 2
[1.907s] make: *** [Makefile:141: all] Error 2
[1.911s] Invoked command in '/home/navrajb/software/software-start-here/build/challenge' returned '2': CMAKE_PREFIX_PATH=${CMAKE_PREFIX_PATH}:/opt/ros/foxy /usr/bin/cmake --build /home/navrajb/software/software-start-here/build/challenge -- -j8 -l8
