[35m[1mScanning dependencies of target solution[0m
[ 50%] [32mBuilding CXX object CMakeFiles/solution.dir/src/solution.cpp.o[0m
[01m[K/home/dorson/Documents/github/software-start-here/challenge/src/solution.cpp:37:26:[m[K [01;31m[Kerror: [m[Kâ€˜[01m[Kstd_msgs[m[Kâ€™ was not declared in this scope
   37 |     rclcpp::Subscription<[01;31m[Kstd_msgs[m[K::msg::String>::SharedPtr subscription_;
      |                          [01;31m[K^~~~~~~~[m[K
[01m[K/home/dorson/Documents/github/software-start-here/challenge/src/solution.cpp:37:47:[m[K [01;31m[Kerror: [m[Ktemplate argument 1 is invalid
   37 |     rclcpp::Subscription<std_msgs::msg::String[01;31m[K>[m[K::SharedPtr subscription_;
      |                                               [01;31m[K^[m[K
[01m[K/home/dorson/Documents/github/software-start-here/challenge/src/solution.cpp:37:47:[m[K [01;31m[Kerror: [m[Ktemplate argument 3 is invalid
[01m[K/home/dorson/Documents/github/software-start-here/challenge/src/solution.cpp:37:50:[m[K [01;31m[Kerror: [m[Kexpected â€˜[01m[K;[m[Kâ€™ at end of member declaration
   37 |     rclcpp::Subscription<std_msgs::msg::String>::[01;31m[KSharedPtr[m[K subscription_;
      |                                                  [01;31m[K^~~~~~~~~[m[K
      |                                                           [32m[K;[m[K
[01m[K/home/dorson/Documents/github/software-start-here/challenge/src/solution.cpp:37:60:[m[K [01;31m[Kerror: [m[Kâ€˜[01m[Ksubscription_[m[Kâ€™ does not name a type; did you mean â€˜[01m[Krcl_subscription_t[m[Kâ€™?
   37 |     rclcpp::Subscription<std_msgs::msg::String>::SharedPtr [01;31m[Ksubscription_[m[K;
      |                                                            [01;31m[K^~~~~~~~~~~~~[m[K
      |                                                            [32m[Krcl_subscription_t[m[K
[01m[K/home/dorson/Documents/github/software-start-here/challenge/src/solution.cpp:[m[K In constructor â€˜[01m[KSolution::Solution()[m[Kâ€™:
[01m[K/home/dorson/Documents/github/software-start-here/challenge/src/solution.cpp:21:7:[m[K [01;31m[Kerror: [m[Kâ€˜[01m[Ksubscription_[m[Kâ€™ was not declared in this scope; did you mean â€˜[01m[Krcl_subscription_t[m[Kâ€™?
   21 |       [01;31m[Ksubscription_[m[K = this->create_subscription<std_msgs::msg::String>("topic", 10, std::bind(&MinimalSubscriber::topic_callback, this, _1));
      |       [01;31m[K^~~~~~~~~~~~~[m[K
      |       [32m[Krcl_subscription_t[m[K
[01m[K/home/dorson/Documents/github/software-start-here/challenge/src/solution.cpp:21:49:[m[K [01;31m[Kerror: [m[Kâ€˜[01m[Kstd_msgs[m[Kâ€™ was not declared in this scope
   21 |       subscription_ = this->create_subscription<[01;31m[Kstd_msgs[m[K::msg::String>("topic", 10, std::bind(&MinimalSubscriber::topic_callback, this, _1));
      |                                                 [01;31m[K^~~~~~~~[m[K
[01m[K/home/dorson/Documents/github/software-start-here/challenge/src/solution.cpp:21:29:[m[K [01;31m[Kerror: [m[Kparse error in template argument list
   21 |       subscription_ = this->[01;31m[Kcreate_subscription<std_msgs::msg::String>[m[K("topic", 10, std::bind(&MinimalSubscriber::topic_callback, this, _1));
      |                             [01;31m[K^~~~~~~~~~~~~~~~~~~~~~~~~~~~~~~~~~~~~~~~~~[m[K
[01m[K/home/dorson/Documents/github/software-start-here/challenge/src/solution.cpp:21:96:[m[K [01;31m[Kerror: [m[Kâ€˜[01m[KMinimalSubscriber[m[Kâ€™ has not been declared
   21 | _subscription<std_msgs::msg::String>("topic", 10, std::bind(&[01;31m[KMinimalSubscriber[m[K::topic_callback, this, _1));
      |                                                              [01;31m[K^~~~~~~~~~~~~~~~~[m[K

[01m[K/home/dorson/Documents/github/software-start-here/challenge/src/solution.cpp:21:137:[m[K [01;31m[Kerror: [m[Kâ€˜[01m[K_1[m[Kâ€™ was not declared in this scope; did you mean â€˜[01m[Kstd::placeholders::_1[m[Kâ€™?
   21 | ic", 10, std::bind(&MinimalSubscriber::topic_callback, this, [01;31m[K_1[m[K));
      |                                                              [01;31m[K^~[m[K
      |                                                              [32m[Kstd::placeholders::_1[m[K
In file included from [01m[K/home/dorson/Documents/github/software-start-here/challenge/src/solution.cpp:2[m[K:
[01m[K/usr/include/c++/9/functional:211:34:[m[K [01;36m[Knote: [m[Kâ€˜[01m[Kstd::placeholders::_1[m[Kâ€™ declared here
  211 |     extern const _Placeholder<1> [01;36m[K_1[m[K;
      |                                  [01;36m[K^~[m[K
make[2]: *** [CMakeFiles/solution.dir/build.make:63: CMakeFiles/solution.dir/src/solution.cpp.o] Error 1
make[1]: *** [CMakeFiles/Makefile2:78: CMakeFiles/solution.dir/all] Error 2
make: *** [Makefile:141: all] Error 2
