[0.007s] Invoking command in '/home/dorson/Documents/github/software-start-here/build/challenge': CMAKE_PREFIX_PATH=${CMAKE_PREFIX_PATH}:/opt/ros/foxy /usr/bin/cmake --build /home/dorson/Documents/github/software-start-here/build/challenge -- -j20 -l20
[0.029s] [35m[1mScanning dependencies of target solution[0m
[0.043s] [ 50%] [32mBuilding CXX object CMakeFiles/solution.dir/src/solution.cpp.o[0m
[0.623s] [01m[K/home/dorson/Documents/github/software-start-here/challenge/src/solution.cpp:37:26:[m[K [01;31m[Kerror: [m[Kâ€˜[01m[Kstd_msgs[m[Kâ€™ was not declared in this scope
[0.623s]    37 |     rclcpp::Subscription<[01;31m[Kstd_msgs[m[K::msg::String>::SharedPtr subscription_;
[0.623s]       |                          [01;31m[K^~~~~~~~[m[K
[0.623s] [01m[K/home/dorson/Documents/github/software-start-here/challenge/src/solution.cpp:37:47:[m[K [01;31m[Kerror: [m[Ktemplate argument 1 is invalid
[0.623s]    37 |     rclcpp::Subscription<std_msgs::msg::String[01;31m[K>[m[K::SharedPtr subscription_;
[0.623s]       |                                               [01;31m[K^[m[K
[0.623s] [01m[K/home/dorson/Documents/github/software-start-here/challenge/src/solution.cpp:37:47:[m[K [01;31m[Kerror: [m[Ktemplate argument 3 is invalid
[0.623s] [01m[K/home/dorson/Documents/github/software-start-here/challenge/src/solution.cpp:37:50:[m[K [01;31m[Kerror: [m[Kexpected â€˜[01m[K;[m[Kâ€™ at end of member declaration
[0.623s]    37 |     rclcpp::Subscription<std_msgs::msg::String>::[01;31m[KSharedPtr[m[K subscription_;
[0.623s]       |                                                  [01;31m[K^~~~~~~~~[m[K
[0.623s]       |                                                           [32m[K;[m[K
[0.624s] [01m[K/home/dorson/Documents/github/software-start-here/challenge/src/solution.cpp:37:60:[m[K [01;31m[Kerror: [m[Kâ€˜[01m[Ksubscription_[m[Kâ€™ does not name a type; did you mean â€˜[01m[Krcl_subscription_t[m[Kâ€™?
[0.624s]    37 |     rclcpp::Subscription<std_msgs::msg::String>::SharedPtr [01;31m[Ksubscription_[m[K;
[0.624s]       |                                                            [01;31m[K^~~~~~~~~~~~~[m[K
[0.624s]       |                                                            [32m[Krcl_subscription_t[m[K
[0.626s] [01m[K/home/dorson/Documents/github/software-start-here/challenge/src/solution.cpp:[m[K In constructor â€˜[01m[KSolution::Solution()[m[Kâ€™:
[0.626s] [01m[K/home/dorson/Documents/github/software-start-here/challenge/src/solution.cpp:21:7:[m[K [01;31m[Kerror: [m[Kâ€˜[01m[Ksubscription_[m[Kâ€™ was not declared in this scope; did you mean â€˜[01m[Krcl_subscription_t[m[Kâ€™?
[0.626s]    21 |       [01;31m[Ksubscription_[m[K = this->create_subscription<std_msgs::msg::String>("topic", 10, std::bind(&MinimalSubscriber::topic_callback, this, _1));
[0.626s]       |       [01;31m[K^~~~~~~~~~~~~[m[K
[0.626s]       |       [32m[Krcl_subscription_t[m[K
[0.627s] [01m[K/home/dorson/Documents/github/software-start-here/challenge/src/solution.cpp:21:49:[m[K [01;31m[Kerror: [m[Kâ€˜[01m[Kstd_msgs[m[Kâ€™ was not declared in this scope
[0.627s]    21 |       subscription_ = this->create_subscription<[01;31m[Kstd_msgs[m[K::msg::String>("topic", 10, std::bind(&MinimalSubscriber::topic_callback, this, _1));
[0.627s]       |                                                 [01;31m[K^~~~~~~~[m[K
[0.627s] [01m[K/home/dorson/Documents/github/software-start-here/challenge/src/solution.cpp:21:29:[m[K [01;31m[Kerror: [m[Kparse error in template argument list
[0.627s]    21 |       subscription_ = this->[01;31m[Kcreate_subscription<std_msgs::msg::String>[m[K("topic", 10, std::bind(&MinimalSubscriber::topic_callback, this, _1));
[0.627s]       |                             [01;31m[K^~~~~~~~~~~~~~~~~~~~~~~~~~~~~~~~~~~~~~~~~~[m[K
[0.627s] [01m[K/home/dorson/Documents/github/software-start-here/challenge/src/solution.cpp:21:96:[m[K [01;31m[Kerror: [m[Kâ€˜[01m[KMinimalSubscriber[m[Kâ€™ has not been declared
[0.627s]    21 | _subscription<std_msgs::msg::String>("topic", 10, std::bind(&[01;31m[KMinimalSubscriber[m[K::topic_callback, this, _1));
[0.627s]       |                                                              [01;31m[K^~~~~~~~~~~~~~~~~[m[K
[0.627s] 
[0.627s] [01m[K/home/dorson/Documents/github/software-start-here/challenge/src/solution.cpp:21:137:[m[K [01;31m[Kerror: [m[Kâ€˜[01m[K_1[m[Kâ€™ was not declared in this scope; did you mean â€˜[01m[Kstd::placeholders::_1[m[Kâ€™?
[0.627s]    21 | ic", 10, std::bind(&MinimalSubscriber::topic_callback, this, [01;31m[K_1[m[K));
[0.627s]       |                                                              [01;31m[K^~[m[K
[0.627s]       |                                                              [32m[Kstd::placeholders::_1[m[K
[0.628s] In file included from [01m[K/home/dorson/Documents/github/software-start-here/challenge/src/solution.cpp:2[m[K:
[0.628s] [01m[K/usr/include/c++/9/functional:211:34:[m[K [01;36m[Knote: [m[Kâ€˜[01m[Kstd::placeholders::_1[m[Kâ€™ declared here
[0.628s]   211 |     extern const _Placeholder<1> [01;36m[K_1[m[K;
[0.628s]       |                                  [01;36m[K^~[m[K
[1.040s] make[2]: *** [CMakeFiles/solution.dir/build.make:63: CMakeFiles/solution.dir/src/solution.cpp.o] Error 1
[1.040s] make[1]: *** [CMakeFiles/Makefile2:78: CMakeFiles/solution.dir/all] Error 2
[1.040s] make: *** [Makefile:141: all] Error 2
[1.043s] Invoked command in '/home/dorson/Documents/github/software-start-here/build/challenge' returned '2': CMAKE_PREFIX_PATH=${CMAKE_PREFIX_PATH}:/opt/ros/foxy /usr/bin/cmake --build /home/dorson/Documents/github/software-start-here/build/challenge -- -j20 -l20
