[01m[K/home/dorson/Documents/github/software-start-here/challenge/src/solution.cpp:[m[K In constructor â€˜[01m[KSolution::Solution()[m[Kâ€™:
[01m[K/home/dorson/Documents/github/software-start-here/challenge/src/solution.cpp:22:12:[m[K [01;31m[Kerror: [m[Kâ€˜[01m[Kusing Pose = struct geometry_msgs::msg::Pose_<std::allocator<void> >[m[Kâ€™ {aka â€˜[01m[Kstruct geometry_msgs::msg::Pose_<std::allocator<void> >[m[Kâ€™} has no member named â€˜[01m[Ktheta[m[Kâ€™
   22 |       pose.[01;31m[Ktheta[m[K = pi/4;
      |            [01;31m[K^~~~~[m[K
[01m[K/home/dorson/Documents/github/software-start-here/challenge/src/solution.cpp:22:20:[m[K [01;31m[Kerror: [m[Kâ€˜[01m[Kpi[m[Kâ€™ was not declared in this scope
   22 |       pose.theta = [01;31m[Kpi[m[K/4;
      |                    [01;31m[K^~[m[K
make[2]: *** [CMakeFiles/solution.dir/build.make:63: CMakeFiles/solution.dir/src/solution.cpp.o] Error 1
make[1]: *** [CMakeFiles/Makefile2:78: CMakeFiles/solution.dir/all] Error 2
make: *** [Makefile:141: all] Error 2
