[0.007s] Invoking command in '/home/dorson/Documents/github/software-start-here/build/challenge': CMAKE_PREFIX_PATH=${CMAKE_PREFIX_PATH}:/opt/ros/foxy /usr/bin/cmake --build /home/dorson/Documents/github/software-start-here/build/challenge -- -j20 -l20
[0.031s] [35m[1mScanning dependencies of target solution[0m
[0.047s] [ 50%] [32mBuilding CXX object CMakeFiles/solution.dir/src/solution.cpp.o[0m
[0.667s] [01m[K/home/dorson/Documents/github/software-start-here/challenge/src/solution.cpp:[m[K In constructor â€˜[01m[KSolution::Solution()[m[Kâ€™:
[0.667s] [01m[K/home/dorson/Documents/github/software-start-here/challenge/src/solution.cpp:22:12:[m[K [01;31m[Kerror: [m[Kâ€˜[01m[Kusing Pose = struct geometry_msgs::msg::Pose_<std::allocator<void> >[m[Kâ€™ {aka â€˜[01m[Kstruct geometry_msgs::msg::Pose_<std::allocator<void> >[m[Kâ€™} has no member named â€˜[01m[Ktheta[m[Kâ€™
[0.667s]    22 |       pose.[01;31m[Ktheta[m[K = pi/4;
[0.667s]       |            [01;31m[K^~~~~[m[K
[0.668s] [01m[K/home/dorson/Documents/github/software-start-here/challenge/src/solution.cpp:22:20:[m[K [01;31m[Kerror: [m[Kâ€˜[01m[Kpi[m[Kâ€™ was not declared in this scope
[0.668s]    22 |       pose.theta = [01;31m[Kpi[m[K/4;
[0.668s]       |                    [01;31m[K^~[m[K
[1.164s] make[2]: *** [CMakeFiles/solution.dir/build.make:63: CMakeFiles/solution.dir/src/solution.cpp.o] Error 1
[1.164s] make[1]: *** [CMakeFiles/Makefile2:78: CMakeFiles/solution.dir/all] Error 2
[1.164s] make: *** [Makefile:141: all] Error 2
[1.167s] Invoked command in '/home/dorson/Documents/github/software-start-here/build/challenge' returned '2': CMAKE_PREFIX_PATH=${CMAKE_PREFIX_PATH}:/opt/ros/foxy /usr/bin/cmake --build /home/dorson/Documents/github/software-start-here/build/challenge -- -j20 -l20
