<?xml version="1.0" encoding="UTF-8"?>
<Site BuildName="(empty)"
	BuildStamp="20250927-2112-Experimental"
	Name="popcorn-Laptop-13th-Gen-Intel-Core"
	Generator="ctest-3.16.3"
	CompilerName="/usr/bin/g++"
	CompilerVersion="9.4.0"
	OSName="Linux"
	Hostname="popcorn-Laptop-13th-Gen-Intel-Core"
	OSRelease="5.15.0-139-generic"
	OSVersion="#149~20.04.1-Ubuntu SMP Wed Apr 16 08:29:56 UTC 2025"
	OSPlatform="x86_64"
	Is64Bits="1"
	VendorString="GenuineIntel"
	VendorID="Intel Corporation"
	FamilyID="6"
	ModelID="186"
	ProcessorCacheSize="18432"
	NumberOfLogicalCPU="16"
	NumberOfPhysicalCPU="12"
	TotalVirtualMemory="7499"
	TotalPhysicalMemory="15696"
	LogicalProcessorsPerPhysical="1"
	ProcessorClockFrequency="2765.76"
	>
	<Testing>
		<StartDateTime>Sep 27 14:40 PDT</StartDateTime>
		<StartTestTime>1759009222</StartTestTime>
		<TestList/>
		<EndDateTime>Sep 27 14:40 PDT</EndDateTime>
		<EndTestTime>1759009222</EndTestTime>
		<ElapsedMinutes>0</ElapsedMinutes>
	</Testing>
</Site>
