[0.024s] Invoking command in '/home/krish/projects/software-start-here/build/challenge': CMAKE_PREFIX_PATH=${CMAKE_PREFIX_PATH}:/opt/ros/foxy /usr/bin/cmake --build /home/krish/projects/software-start-here/build/challenge -- -j8 -l8
[0.086s] [ 50%] [32mBuilding CXX object CMakeFiles/solution.dir/src/solution.cpp.o[0m
[1.366s] [01m[K/home/krish/projects/software-start-here/src/challenge/src/solution.cpp:44:7:[m[K [01;31m[Kerror: [m[Kexpected â€˜[01m[K;[m[Kâ€™ at end of member declaration
[1.366s]    44 |   int [01;31m[Kdirection[m[K
[1.366s]       |       [01;31m[K^~~~~~~~~[m[K
[1.366s]       |                [32m[K;[m[K
[1.377s] [01m[K/home/krish/projects/software-start-here/src/challenge/src/solution.cpp:[m[K In member function â€˜[01m[Kvoid SineTurtle::sine_move()[m[Kâ€™:
[1.377s] [01m[K/home/krish/projects/software-start-here/src/challenge/src/solution.cpp:28:35:[m[K [01;31m[Kerror: [m[Kâ€˜[01m[Kwist[m[Kâ€™ was not declared in this scope; did you mean â€˜[01m[KTwist[m[Kâ€™?
[1.377s]    28 |     if (twist.linear.x >= 11.0 || [01;31m[Kwist[m[K.linear.x <= 0) {
[1.377s]       |                                   [01;31m[K^~~~[m[K
[1.377s]       |                                   [32m[KTwist[m[K
[1.991s] make[2]: *** [CMakeFiles/solution.dir/build.make:76: CMakeFiles/solution.dir/src/solution.cpp.o] Error 1
[1.991s] make[1]: *** [CMakeFiles/Makefile2:137: CMakeFiles/solution.dir/all] Error 2
[1.991s] make: *** [Makefile:146: all] Error 2
[1.993s] Invoked command in '/home/krish/projects/software-start-here/build/challenge' returned '2': CMAKE_PREFIX_PATH=${CMAKE_PREFIX_PATH}:/opt/ros/foxy /usr/bin/cmake --build /home/krish/projects/software-start-here/build/challenge -- -j8 -l8
