In file included from [01m[K/opt/ros/rolling/include/rclcpp/client.hpp:43[m[K,
                 from [01m[K/opt/ros/rolling/include/rclcpp/callback_group.hpp:23[m[K,
                 from [01m[K/opt/ros/rolling/include/rclcpp/any_executable.hpp:20[m[K,
                 from [01m[K/opt/ros/rolling/include/rclcpp/memory_strategy.hpp:25[m[K,
                 from [01m[K/opt/ros/rolling/include/rclcpp/memory_strategies.hpp:18[m[K,
                 from [01m[K/opt/ros/rolling/include/rclcpp/executor_options.hpp:20[m[K,
                 from [01m[K/opt/ros/rolling/include/rclcpp/executor.hpp:37[m[K,
                 from [01m[K/opt/ros/rolling/include/rclcpp/executors/multi_threaded_executor.hpp:25[m[K,
                 from [01m[K/opt/ros/rolling/include/rclcpp/executors.hpp:21[m[K,
                 from [01m[K/opt/ros/rolling/include/rclcpp/rclcpp.hpp:155[m[K,
                 from [01m[K/home/strawberryshadow/Desktop/software-start-here/src/challenge/src/solution.cpp:8[m[K:
[01m[K/home/strawberryshadow/Desktop/software-start-here/src/challenge/src/solution.cpp:[m[K In member function â€˜[01m[Kvoid Publisher::timer_callback()[m[Kâ€™:
[01m[K/home/strawberryshadow/Desktop/software-start-here/src/challenge/src/solution.cpp:40:74:[m[K [01;31m[Kerror: [m[Krequest for member â€˜[01m[Kc_str[m[Kâ€™ in â€˜[01m[Ktwist.geometry_msgs::msg::Twist_<std::allocator<void> >::linear.geometry_msgs::msg::Vector3_<std::allocator<void> >::x[m[Kâ€™, which is of non-class type â€˜[01m[Kgeometry_msgs::msg::Vector3_<std::allocator<void> >::_x_type[m[Kâ€™ {aka â€˜[01m[Kdouble[m[Kâ€™}
   40 |       RCLCPP_INFO(this->get_logger(), "Publishing: '%s'", twist.linear.x.[01;31m[Kc_str[m[K());
      |                                                                          [01;31m[K^~~~~[m[K
make[2]: *** [CMakeFiles/solution.dir/build.make:63: CMakeFiles/solution.dir/src/solution.cpp.o] Error 1
make[1]: *** [CMakeFiles/Makefile2:78: CMakeFiles/solution.dir/all] Error 2
make: *** [Makefile:141: all] Error 2
