[ 50%] [32mBuilding CXX object CMakeFiles/solution.dir/src/solution.cpp.o[0m
[01m[K/home/dorson/Documents/github/software-start-here/challenge/src/solution.cpp:[m[K In constructor â€˜[01m[KSolution::Solution()[m[Kâ€™:
[01m[K/home/dorson/Documents/github/software-start-here/challenge/src/solution.cpp:22:28:[m[K [01;31m[Kerror: [m[Kâ€˜[01m[Kpi[m[Kâ€™ was not declared in this scope
   22 |       pose.orientation.z = [01;31m[Kpi[m[K/4;
      |                            [01;31m[K^~[m[K
make[2]: *** [CMakeFiles/solution.dir/build.make:63: CMakeFiles/solution.dir/src/solution.cpp.o] Error 1
make[1]: *** [CMakeFiles/Makefile2:78: CMakeFiles/solution.dir/all] Error 2
make: *** [Makefile:141: all] Error 2
