[01m[K/home/krish/projects/software-start-here/src/challenge/src/solution.cpp:6:34:[m[K [01;31m[Kerror: [m[Kexpected class-name before â€˜[01m[KNode[m[Kâ€™
    6 | class SineTurtle : public rclcpp [01;31m[KNode[m[K {
      |                                  [01;31m[K^~~~[m[K
[01m[K/home/krish/projects/software-start-here/src/challenge/src/solution.cpp:6:34:[m[K [01;31m[Kerror: [m[Kexpected â€˜[01m[K{[m[Kâ€™ before â€˜[01m[KNode[m[Kâ€™
[01m[K/home/krish/projects/software-start-here/src/challenge/src/solution.cpp:8:59:[m[K [01;31m[Kerror: [m[Kexpected primary-expression before â€˜[01m[Kpublisher[m[Kâ€™
    8 |   rclcpp::Publisher<geometry_msgs::msg::Twist>::SharedPtr [01;31m[Kpublisher[m[K;
      |                                                           [01;31m[K^~~~~~~~~[m[K
[01m[K/home/krish/projects/software-start-here/src/challenge/src/solution.cpp:8:59:[m[K [01;31m[Kerror: [m[Kexpected â€˜[01m[K}[m[Kâ€™ before â€˜[01m[Kpublisher[m[Kâ€™
[01m[K/home/krish/projects/software-start-here/src/challenge/src/solution.cpp:6:39:[m[K [01;36m[Knote: [m[Kto match this â€˜[01m[K{[m[Kâ€™
    6 | class SineTurtle : public rclcpp Node [01;36m[K{[m[K
      |                                       [01;36m[K^[m[K
[01m[K/home/krish/projects/software-start-here/src/challenge/src/solution.cpp:11:26:[m[K [01;31m[Kerror: [m[Kinvalid use of incomplete type â€˜[01m[Kclass SineTurtle[m[Kâ€™
   11 |   SineTurtle::SineTurtle([01;31m[K)[m[K : rclcpp::Node("sine_turtle") {
      |                          [01;31m[K^[m[K
[01m[K/home/krish/projects/software-start-here/src/challenge/src/solution.cpp:6:7:[m[K [01;36m[Knote: [m[Kforward declaration of â€˜[01m[Kclass SineTurtle[m[Kâ€™
    6 | class [01;36m[KSineTurtle[m[K : public rclcpp Node {
      |       [01;36m[K^~~~~~~~~~[m[K
[01m[K/home/krish/projects/software-start-here/src/challenge/src/solution.cpp:20:30:[m[K [01;31m[Kerror: [m[Kinvalid use of incomplete type â€˜[01m[Kclass SineTurtle[m[Kâ€™
   20 |   void SineTurtle::sine_move([01;31m[K)[m[K {
      |                              [01;31m[K^[m[K
[01m[K/home/krish/projects/software-start-here/src/challenge/src/solution.cpp:6:7:[m[K [01;36m[Knote: [m[Kforward declaration of â€˜[01m[Kclass SineTurtle[m[Kâ€™
    6 | class [01;36m[KSineTurtle[m[K : public rclcpp Node {
      |       [01;36m[K^~~~~~~~~~[m[K
[01m[K/home/krish/projects/software-start-here/src/challenge/src/solution.cpp:42:1:[m[K [01;31m[Kerror: [m[Kexpected declaration before â€˜[01m[K}[m[Kâ€™ token
   42 | [01;31m[K}[m[K
      | [01;31m[K^[m[K
[01m[K/home/krish/projects/software-start-here/src/challenge/src/solution.cpp:[m[K In function â€˜[01m[Kint main(int, char**)[m[Kâ€™:
[01m[K/home/krish/projects/software-start-here/src/challenge/src/solution.cpp:49:11:[m[K [01;31m[Kerror: [m[Kâ€˜[01m[KSpin[m[Kâ€™ is not a member of â€˜[01m[Krclcpp[m[Kâ€™; did you mean â€˜[01m[Kspin[m[Kâ€™?
   49 |   rclcpp::[01;31m[KSpin[m[K(std::make_shared<SineTurtle>());
      |           [01;31m[K^~~~[m[K
      |           [32m[Kspin[m[K
In file included from [01m[K/usr/include/c++/9/bits/shared_ptr_base.h:56[m[K,
                 from [01m[K/usr/include/c++/9/bits/shared_ptr.h:52[m[K,
                 from [01m[K/usr/include/c++/9/memory:81[m[K,
                 from [01m[K/opt/ros/foxy/include/rclcpp/rclcpp.hpp:144[m[K,
                 from [01m[K/home/krish/projects/software-start-here/src/challenge/src/solution.cpp:2[m[K:
/usr/include/c++/9/ext/aligned_buffer.h: In instantiation of â€˜[01m[Kstruct __gnu_cxx::__aligned_buffer<SineTurtle>[m[Kâ€™:
[01m[K/usr/include/c++/9/bits/shared_ptr_base.h:535:35:[m[K   required from â€˜[01m[Kclass std::_Sp_counted_ptr_inplace<SineTurtle, std::allocator<SineTurtle>, __gnu_cxx::_S_atomic>::_Impl[m[Kâ€™
[01m[K/usr/include/c++/9/bits/shared_ptr_base.h:596:13:[m[K   required from â€˜[01m[Kclass std::_Sp_counted_ptr_inplace<SineTurtle, std::allocator<SineTurtle>, __gnu_cxx::_S_atomic>[m[Kâ€™
[01m[K/usr/include/c++/9/bits/shared_ptr_base.h:676:43:[m[K   required from â€˜[01m[Kstd::__shared_count<_Lp>::__shared_count(_Tp*&, std::_Sp_alloc_shared_tag<_Alloc>, _Args&& ...) [with _Tp = SineTurtle; _Alloc = std::allocator<SineTurtle>; _Args = {}; __gnu_cxx::_Lock_policy _Lp = __gnu_cxx::_S_atomic][m[Kâ€™
[01m[K/usr/include/c++/9/bits/shared_ptr_base.h:1344:71:[m[K   required from â€˜[01m[Kstd::__shared_ptr<_Tp, _Lp>::__shared_ptr(std::_Sp_alloc_shared_tag<_Tp>, _Args&& ...) [with _Alloc = std::allocator<SineTurtle>; _Args = {}; _Tp = SineTurtle; __gnu_cxx::_Lock_policy _Lp = __gnu_cxx::_S_atomic][m[Kâ€™
[01m[K/usr/include/c++/9/bits/shared_ptr.h:359:59:[m[K   required from â€˜[01m[Kstd::shared_ptr<_Tp>::shared_ptr(std::_Sp_alloc_shared_tag<_Tp>, _Args&& ...) [with _Alloc = std::allocator<SineTurtle>; _Args = {}; _Tp = SineTurtle][m[Kâ€™
[01m[K/usr/include/c++/9/bits/shared_ptr.h:701:14:[m[K   required from â€˜[01m[Kstd::shared_ptr<_Tp> std::allocate_shared(const _Alloc&, _Args&& ...) [with _Tp = SineTurtle; _Alloc = std::allocator<SineTurtle>; _Args = {}][m[Kâ€™
[01m[K/usr/include/c++/9/bits/shared_ptr.h:717:39:[m[K   required from â€˜[01m[Kstd::shared_ptr<_Tp> std::make_shared(_Args&& ...) [with _Tp = SineTurtle; _Args = {}][m[Kâ€™
[01m[K/home/krish/projects/software-start-here/src/challenge/src/solution.cpp:49:45:[m[K   required from here
[01m[K/usr/include/c++/9/ext/aligned_buffer.h:91:28:[m[K [01;31m[Kerror: [m[Kinvalid application of â€˜[01m[Ksizeof[m[Kâ€™ to incomplete type â€˜[01m[KSineTurtle[m[Kâ€™
   91 |     : std::aligned_storage<[01;31m[Ksizeof(_Tp)[m[K, __alignof__(_Tp)>
      |                            [01;31m[K^~~~~~~~~~~[m[K
[01m[K/usr/include/c++/9/ext/aligned_buffer.h:91:28:[m[K [01;31m[Kerror: [m[Kinvalid application of â€˜[01m[Ksizeof[m[Kâ€™ to incomplete type â€˜[01m[KSineTurtle[m[Kâ€™
make[2]: *** [CMakeFiles/solution.dir/build.make:76: CMakeFiles/solution.dir/src/solution.cpp.o] Error 1
make[1]: *** [CMakeFiles/Makefile2:137: CMakeFiles/solution.dir/all] Error 2
make: *** [Makefile:146: all] Error 2
