[01m[K/home/straydogs/ros2_test/challenge/src/solution.cpp:[m[K In member function â€˜[01m[Kvoid GoToGoal::goto_goal()[m[Kâ€™:
[01m[K/home/straydogs/ros2_test/challenge/src/solution.cpp:59:14:[m[K [01;31m[Kerror: [m[Kconflicting declaration â€˜[01m[Kdouble direction[m[Kâ€™
   59 |       double [01;31m[Kdirection[m[K;
      |              [01;31m[K^~~~~~~~~[m[K
[01m[K/home/straydogs/ros2_test/challenge/src/solution.cpp:47:11:[m[K [01;36m[Knote: [m[Kprevious declaration as â€˜[01m[Kint direction[m[Kâ€™
   47 |       int [01;36m[Kdirection[m[K;
      |           [01;36m[K^~~~~~~~~[m[K
make[2]: *** [CMakeFiles/solution.dir/build.make:63: CMakeFiles/solution.dir/src/solution.cpp.o] Error 1
make[1]: *** [CMakeFiles/Makefile2:78: CMakeFiles/solution.dir/all] Error 2
make: *** [Makefile:141: all] Error 2
