[0.072s] Invoking command in '/home/straydogs/ros2_test/build/challenge': CMAKE_PREFIX_PATH=/opt/ros/foxy /usr/bin/cmake --build /home/straydogs/ros2_test/build/challenge -- -j20 -l20
[0.101s] [35m[1mScanning dependencies of target solution[0m
[0.538s] [ 50%] [32mBuilding CXX object CMakeFiles/solution.dir/src/solution.cpp.o[0m
[1.274s] [01m[K/home/straydogs/ros2_test/challenge/src/solution.cpp:[m[K In member function â€˜[01m[Kvoid GoToGoal::goto_goal()[m[Kâ€™:
[1.274s] [01m[K/home/straydogs/ros2_test/challenge/src/solution.cpp:59:14:[m[K [01;31m[Kerror: [m[Kconflicting declaration â€˜[01m[Kdouble direction[m[Kâ€™
[1.274s]    59 |       double [01;31m[Kdirection[m[K;
[1.274s]       |              [01;31m[K^~~~~~~~~[m[K
[1.274s] [01m[K/home/straydogs/ros2_test/challenge/src/solution.cpp:47:11:[m[K [01;36m[Knote: [m[Kprevious declaration as â€˜[01m[Kint direction[m[Kâ€™
[1.274s]    47 |       int [01;36m[Kdirection[m[K;
[1.274s]       |           [01;36m[K^~~~~~~~~[m[K
[2.663s] make[2]: *** [CMakeFiles/solution.dir/build.make:63: CMakeFiles/solution.dir/src/solution.cpp.o] Error 1
[2.663s] make[1]: *** [CMakeFiles/Makefile2:78: CMakeFiles/solution.dir/all] Error 2
[2.663s] make: *** [Makefile:141: all] Error 2
[2.666s] Invoked command in '/home/straydogs/ros2_test/build/challenge' returned '2': CMAKE_PREFIX_PATH=/opt/ros/foxy /usr/bin/cmake --build /home/straydogs/ros2_test/build/challenge -- -j20 -l20
