[0.104s] Invoking command in '/home/straydogs/ros2_test/build/challenge': CMAKE_PREFIX_PATH=/opt/ros/foxy /usr/bin/cmake --build /home/straydogs/ros2_test/build/challenge -- -j20 -l20
[0.144s] [35m[1mScanning dependencies of target solution[0m
[0.570s] [ 50%] [32mBuilding CXX object CMakeFiles/solution.dir/src/solution.cpp.o[0m
[1.540s] [01m[K/home/straydogs/ros2_test/challenge/src/solution.cpp:[m[K In constructor â€˜[01m[KGoToGoal::GoToGoal()[m[Kâ€™:
[1.540s] [01m[K/home/straydogs/ros2_test/challenge/src/solution.cpp:21:93:[m[K [01;31m[Kerror: [m[Kno matching function for call to â€˜[01m[KGoToGoal::create_subscription<turtlesim::msg::Pose>(const char [14], int)[m[Kâ€™
[1.541s]    21 |       pose_subscriber_ = this->create_subscription<turtlesim::msg::Pose>("/turtle1/pose", 10[01;31m[K)[m[K;
[1.541s]       |                                                                                             [01;31m[K^[m[K
[1.541s] In file included from [01m[K/opt/ros/foxy/include/rclcpp/executors/single_threaded_executor.hpp:28[m[K,
[1.541s]                  from [01m[K/opt/ros/foxy/include/rclcpp/executors.hpp:22[m[K,
[1.541s]                  from [01m[K/opt/ros/foxy/include/rclcpp/rclcpp.hpp:146[m[K,
[1.541s]                  from [01m[K/home/straydogs/ros2_test/challenge/src/solution.cpp:7[m[K:
[1.541s] [01m[K/opt/ros/foxy/include/rclcpp/node.hpp:213:3:[m[K [01;36m[Knote: [m[Kcandidate: â€˜[01m[Ktemplate<class MessageT, class CallbackT, class AllocatorT, class CallbackMessageT, class SubscriptionT, class MessageMemoryStrategyT> std::shared_ptr<SubscriptionT> rclcpp::Node::create_subscription(const string&, const rclcpp::QoS&, CallbackT&&, const rclcpp::SubscriptionOptionsWithAllocator<AllocatorT>&, typename MessageMemoryStrategyT::SharedPtr)[m[Kâ€™
[1.541s]   213 |   [01;36m[Kcreate_subscription[m[K(
[1.541s]       |   [01;36m[K^~~~~~~~~~~~~~~~~~~[m[K
[1.541s] [01m[K/opt/ros/foxy/include/rclcpp/node.hpp:213:3:[m[K [01;36m[Knote: [m[K  template argument deduction/substitution failed:
[1.542s] [01m[K/home/straydogs/ros2_test/challenge/src/solution.cpp:21:93:[m[K [01;36m[Knote: [m[K  candidate expects 5 arguments, 2 provided
[1.542s]    21 |       pose_subscriber_ = this->create_subscription<turtlesim::msg::Pose>("/turtle1/pose", 10[01;36m[K)[m[K;
[1.542s]       |                                                                                             [01;36m[K^[m[K
[2.151s] make[2]: *** [CMakeFiles/solution.dir/build.make:63: CMakeFiles/solution.dir/src/solution.cpp.o] Error 1
[2.151s] make[1]: *** [CMakeFiles/Makefile2:78: CMakeFiles/solution.dir/all] Error 2
[2.151s] make: *** [Makefile:141: all] Error 2
[2.154s] Invoked command in '/home/straydogs/ros2_test/build/challenge' returned '2': CMAKE_PREFIX_PATH=/opt/ros/foxy /usr/bin/cmake --build /home/straydogs/ros2_test/build/challenge -- -j20 -l20
