[0.008s] Invoking command in '/home/popcorn/software-start-here/build/challenge': CMAKE_PREFIX_PATH=/opt/ros/foxy /usr/bin/cmake --build /home/popcorn/software-start-here/build/challenge -- -j16 -l16
[0.026s] -- Found ament_cmake: 0.9.12 (/opt/ros/foxy/share/ament_cmake/cmake)
[0.043s] -- Using PYTHON_EXECUTABLE: /usr/bin/python3
[0.155s] -- Found rclcpp: 2.4.3 (/opt/ros/foxy/share/rclcpp/cmake)
[0.176s] -- Using all available rosidl_typesupport_c: rosidl_typesupport_fastrtps_c;rosidl_typesupport_introspection_c
[0.178s] -- Found rosidl_adapter: 1.3.1 (/opt/ros/foxy/share/rosidl_adapter/cmake)
[0.259s] -- Using all available rosidl_typesupport_cpp: rosidl_typesupport_fastrtps_cpp;rosidl_typesupport_introspection_cpp
[0.291s] -- Found rmw_implementation_cmake: 1.0.4 (/opt/ros/foxy/share/rmw_implementation_cmake/cmake)
[0.292s] -- Using RMW implementation 'rmw_fastrtps_cpp' as default
[0.391s] -- Found ament_lint_auto: 0.9.8 (/opt/ros/foxy/share/ament_lint_auto/cmake)
[0.439s] -- Added test 'copyright' to check source files copyright and LICENSE
[0.439s] -- Added test 'cppcheck' to perform static code analysis on C / C++ code
[0.439s] -- Configured cppcheck include dirs: 
[0.440s] -- Configured cppcheck exclude dirs and/or files: 
[0.440s] -- Added test 'cpplint' to check C / C++ code against the Google style
[0.440s] -- Configured cpplint exclude dirs and/or files: 
[0.440s] -- Added test 'lint_cmake' to check CMake code style
[0.441s] -- Added test 'uncrustify' to check C / C++ code style
[0.441s] -- Configured uncrustify additional arguments: 
[0.441s] -- Added test 'xmllint' to check XML markup files
[0.442s] -- Configuring done
[0.446s] -- Generating done
[0.448s] -- Build files have been written to: /home/popcorn/software-start-here/build/challenge
[0.474s] [ 50%] [32mBuilding CXX object CMakeFiles/talker.dir/src/solution.cpp.o[0m
[0.540s] [01m[K/home/popcorn/software-start-here/src/challenge/src/solution.cpp:7:10:[m[K [01;31m[Kfatal error: [m[Kgeometry_msgs/msg/Twist.hpp: No such file or directory
[0.540s]     7 | #include [01;31m[K"geometry_msgs/msg/Twist.hpp"[m[K
[0.540s]       |          [01;31m[K^~~~~~~~~~~~~~~~~~~~~~~~~~~~~[m[K
[0.540s] compilation terminated.
[0.542s] make[2]: *** [CMakeFiles/talker.dir/build.make:63: CMakeFiles/talker.dir/src/solution.cpp.o] Error 1
[0.542s] make[1]: *** [CMakeFiles/Makefile2:78: CMakeFiles/talker.dir/all] Error 2
[0.542s] make: *** [Makefile:141: all] Error 2
[0.544s] Invoked command in '/home/popcorn/software-start-here/build/challenge' returned '2': CMAKE_PREFIX_PATH=/opt/ros/foxy /usr/bin/cmake --build /home/popcorn/software-start-here/build/challenge -- -j16 -l16
